[ 2016-11-19T09:51:58+08:00 ] 127.0.0.1 /
INFO: [ app_init ] --START--
INFO: Run Behavior\BuildLiteBehavior [ RunTime:0.000011s ]
INFO: [ app_init ] --END-- [ RunTime:0.000425s ]
INFO: [ app_begin ] --START--
INFO: Run Behavior\ReadHtmlCacheBehavior [ RunTime:0.000490s ]
INFO: [ app_begin ] --END-- [ RunTime:0.000546s ]
INFO: [ action_begin ] --START--
SQL: SHOW COLUMNS FROM `shop_admin` [ RunTime:0.0185s ]

[ 2016-11-19T09:51:58+08:00 ] 127.0.0.1 /Admin/login.html
INFO: [ app_init ] --START--
INFO: Run Behavior\BuildLiteBehavior [ RunTime:0.000009s ]
INFO: [ app_init ] --END-- [ RunTime:0.000227s ]
INFO: [ app_begin ] --START--
INFO: Run Behavior\ReadHtmlCacheBehavior [ RunTime:0.000307s ]
INFO: [ app_begin ] --END-- [ RunTime:0.000340s ]
INFO: [ action_begin ] --START--
INFO: Run Common\Behaviors\CheckPermissionBehavior [ RunTime:0.000645s ]
INFO: [ action_begin ] --END-- [ RunTime:0.000706s ]
INFO: [ view_parse ] --START--
INFO: [ template_filter ] --START--
INFO: Run Behavior\ContentReplaceBehavior [ RunTime:0.000043s ]
INFO: [ template_filter ] --END-- [ RunTime:0.000086s ]
INFO: Run Behavior\ParseTemplateBehavior [ RunTime:0.063728s ]
INFO: [ view_parse ] --END-- [ RunTime:0.063773s ]
INFO: [ view_filter ] --START--
INFO: Run Behavior\WriteHtmlCacheBehavior [ RunTime:0.000158s ]
INFO: [ view_filter ] --END-- [ RunTime:0.000186s ]
INFO: [ app_end ] --START--
INFO: Run Behavior\ShowPageTraceBehavior [ RunTime:0.000326s ]
INFO: [ app_end ] --END-- [ RunTime:0.000354s ]

[ 2016-11-19T09:51:58+08:00 ] 127.0.0.1 //Captcha/code.html
INFO: [ app_init ] --START--
INFO: Run Behavior\BuildLiteBehavior [ RunTime:0.000013s ]
INFO: [ app_init ] --END-- [ RunTime:0.000358s ]
INFO: [ app_begin ] --START--
INFO: Run Behavior\ReadHtmlCacheBehavior [ RunTime:0.000446s ]
INFO: [ app_begin ] --END-- [ RunTime:0.000502s ]
INFO: [ action_begin ] --START--
INFO: Run Common\Behaviors\CheckPermissionBehavior [ RunTime:0.001039s ]
INFO: [ action_begin ] --END-- [ RunTime:0.001132s ]
INFO: [ app_end ] --START--
INFO: Run Behavior\ShowPageTraceBehavior [ RunTime:0.000412s ]
INFO: [ app_end ] --END-- [ RunTime:0.000466s ]

[ 2016-11-19T09:51:58+08:00 ] 127.0.0.1 /favicon.ico
INFO: [ app_init ] --START--
INFO: Run Behavior\BuildLiteBehavior [ RunTime:0.000009s ]
INFO: [ app_init ] --END-- [ RunTime:0.000236s ]

[ 2016-11-19T09:52:02+08:00 ] 127.0.0.1 /Admin/login.html
INFO: [ app_init ] --START--
INFO: Run Behavior\BuildLiteBehavior [ RunTime:0.000011s ]
INFO: [ app_init ] --END-- [ RunTime:0.000269s ]
INFO: [ app_begin ] --START--
INFO: Run Behavior\ReadHtmlCacheBehavior [ RunTime:0.000348s ]
INFO: [ app_begin ] --END-- [ RunTime:0.000382s ]
INFO: [ action_begin ] --START--
INFO: Run Common\Behaviors\CheckPermissionBehavior [ RunTime:0.000557s ]
INFO: [ action_begin ] --END-- [ RunTime:0.000595s ]
INFO: [ view_parse ] --START--
INFO: [ template_filter ] --START--
INFO: Run Behavior\ContentReplaceBehavior [ RunTime:0.000038s ]
INFO: [ template_filter ] --END-- [ RunTime:0.000073s ]
INFO: Run Behavior\ParseTemplateBehavior [ RunTime:0.004212s ]
INFO: [ view_parse ] --END-- [ RunTime:0.004251s ]
INFO: [ view_filter ] --START--
INFO: Run Behavior\WriteHtmlCacheBehavior [ RunTime:0.000176s ]
INFO: [ view_filter ] --END-- [ RunTime:0.000202s ]
INFO: [ app_end ] --START--
INFO: Run Behavior\ShowPageTraceBehavior [ RunTime:0.000294s ]
INFO: [ app_end ] --END-- [ RunTime:0.000322s ]

[ 2016-11-19T09:52:02+08:00 ] 127.0.0.1 //Captcha/code.html
INFO: [ app_init ] --START--
INFO: Run Behavior\BuildLiteBehavior [ RunTime:0.000011s ]
INFO: [ app_init ] --END-- [ RunTime:0.000282s ]
INFO: [ app_begin ] --START--
INFO: Run Behavior\ReadHtmlCacheBehavior [ RunTime:0.000585s ]
INFO: [ app_begin ] --END-- [ RunTime:0.000654s ]
INFO: [ action_begin ] --START--
INFO: Run Common\Behaviors\CheckPermissionBehavior [ RunTime:0.000634s ]
INFO: [ action_begin ] --END-- [ RunTime:0.000686s ]
INFO: [ app_end ] --START--
INFO: Run Behavior\ShowPageTraceBehavior [ RunTime:0.000585s ]
INFO: [ app_end ] --END-- [ RunTime:0.000683s ]

[ 2016-11-19T09:52:18+08:00 ] 127.0.0.1 /Admin/login.html
INFO: [ app_init ] --START--
INFO: Run Behavior\BuildLiteBehavior [ RunTime:0.000011s ]
INFO: [ app_init ] --END-- [ RunTime:0.000256s ]
INFO: [ app_begin ] --START--
INFO: Run Behavior\ReadHtmlCacheBehavior [ RunTime:0.000304s ]
INFO: [ app_begin ] --END-- [ RunTime:0.000340s ]
INFO: [ action_begin ] --START--
INFO: Run Common\Behaviors\CheckPermissionBehavior [ RunTime:0.000562s ]
INFO: [ action_begin ] --END-- [ RunTime:0.000599s ]
INFO: [ view_parse ] --START--
INFO: [ template_filter ] --START--
INFO: Run Behavior\ContentReplaceBehavior [ RunTime:0.000039s ]
INFO: [ template_filter ] --END-- [ RunTime:0.000073s ]
INFO: Run Behavior\ParseTemplateBehavior [ RunTime:0.004288s ]
INFO: [ view_parse ] --END-- [ RunTime:0.004329s ]
INFO: [ view_filter ] --START--
INFO: Run Behavior\WriteHtmlCacheBehavior [ RunTime:0.000177s ]
INFO: [ view_filter ] --END-- [ RunTime:0.000202s ]
INFO: [ app_end ] --START--
INFO: Run Behavior\ShowPageTraceBehavior [ RunTime:0.000329s ]
INFO: [ app_end ] --END-- [ RunTime:0.000357s ]

[ 2016-11-19T09:52:18+08:00 ] 127.0.0.1 //Captcha/code
INFO: [ app_init ] --START--
INFO: Run Behavior\BuildLiteBehavior [ RunTime:0.000018s ]
INFO: [ app_init ] --END-- [ RunTime:0.000414s ]
INFO: [ app_begin ] --START--
INFO: Run Behavior\ReadHtmlCacheBehavior [ RunTime:0.000466s ]
INFO: [ app_begin ] --END-- [ RunTime:0.000525s ]
INFO: [ action_begin ] --START--
INFO: Run Common\Behaviors\CheckPermissionBehavior [ RunTime:0.001080s ]
INFO: [ action_begin ] --END-- [ RunTime:0.001167s ]
INFO: [ app_end ] --START--
INFO: Run Behavior\ShowPageTraceBehavior [ RunTime:0.000822s ]
INFO: [ app_end ] --END-- [ RunTime:0.000939s ]

[ 2016-11-19T09:52:21+08:00 ] 127.0.0.1 /
INFO: [ app_init ] --START--
INFO: Run Behavior\BuildLiteBehavior [ RunTime:0.000019s ]
INFO: [ app_init ] --END-- [ RunTime:0.000255s ]
INFO: [ app_begin ] --START--
INFO: Run Behavior\ReadHtmlCacheBehavior [ RunTime:0.000290s ]
INFO: [ app_begin ] --END-- [ RunTime:0.000325s ]
INFO: [ action_begin ] --START--
SQL: SHOW COLUMNS FROM `shop_admin` [ RunTime:0.0178s ]

[ 2016-11-19T09:52:21+08:00 ] 127.0.0.1 /Admin/login
INFO: [ app_init ] --START--
INFO: Run Behavior\BuildLiteBehavior [ RunTime:0.000009s ]
INFO: [ app_init ] --END-- [ RunTime:0.000229s ]
INFO: [ app_begin ] --START--
INFO: Run Behavior\ReadHtmlCacheBehavior [ RunTime:0.000285s ]
INFO: [ app_begin ] --END-- [ RunTime:0.000321s ]
INFO: [ action_begin ] --START--
INFO: Run Common\Behaviors\CheckPermissionBehavior [ RunTime:0.000538s ]
INFO: [ action_begin ] --END-- [ RunTime:0.000575s ]
INFO: [ view_parse ] --START--
INFO: [ template_filter ] --START--
INFO: Run Behavior\ContentReplaceBehavior [ RunTime:0.000042s ]
INFO: [ template_filter ] --END-- [ RunTime:0.000085s ]
INFO: Run Behavior\ParseTemplateBehavior [ RunTime:0.004778s ]
INFO: [ view_parse ] --END-- [ RunTime:0.004817s ]
INFO: [ view_filter ] --START--
INFO: Run Behavior\WriteHtmlCacheBehavior [ RunTime:0.000185s ]
INFO: [ view_filter ] --END-- [ RunTime:0.000211s ]
INFO: [ app_end ] --START--
INFO: Run Behavior\ShowPageTraceBehavior [ RunTime:0.000293s ]
INFO: [ app_end ] --END-- [ RunTime:0.000320s ]

[ 2016-11-19T09:52:21+08:00 ] 127.0.0.1 //Captcha/code
INFO: [ app_init ] --START--
INFO: Run Behavior\BuildLiteBehavior [ RunTime:0.000013s ]
INFO: [ app_init ] --END-- [ RunTime:0.000389s ]
INFO: [ app_begin ] --START--
INFO: Run Behavior\ReadHtmlCacheBehavior [ RunTime:0.000485s ]
INFO: [ app_begin ] --END-- [ RunTime:0.000551s ]
INFO: [ action_begin ] --START--
INFO: Run Common\Behaviors\CheckPermissionBehavior [ RunTime:0.000914s ]
INFO: [ action_begin ] --END-- [ RunTime:0.000977s ]
INFO: [ app_end ] --START--
INFO: Run Behavior\ShowPageTraceBehavior [ RunTime:0.000649s ]
INFO: [ app_end ] --END-- [ RunTime:0.000748s ]

[ 2016-11-19T09:52:23+08:00 ] 127.0.0.1 /Admin/login
INFO: [ app_init ] --START--
INFO: Run Behavior\BuildLiteBehavior [ RunTime:0.000009s ]
INFO: [ app_init ] --END-- [ RunTime:0.000234s ]
INFO: [ app_begin ] --START--
INFO: Run Behavior\ReadHtmlCacheBehavior [ RunTime:0.000288s ]
INFO: [ app_begin ] --END-- [ RunTime:0.000353s ]
INFO: [ action_begin ] --START--
INFO: Run Common\Behaviors\CheckPermissionBehavior [ RunTime:0.000533s ]
INFO: [ action_begin ] --END-- [ RunTime:0.000569s ]
INFO: [ view_parse ] --START--
INFO: [ template_filter ] --START--
INFO: Run Behavior\ContentReplaceBehavior [ RunTime:0.000038s ]
INFO: [ template_filter ] --END-- [ RunTime:0.000074s ]
INFO: Run Behavior\ParseTemplateBehavior [ RunTime:0.004348s ]
INFO: [ view_parse ] --END-- [ RunTime:0.004386s ]
INFO: [ view_filter ] --START--
INFO: Run Behavior\WriteHtmlCacheBehavior [ RunTime:0.000163s ]
INFO: [ view_filter ] --END-- [ RunTime:0.000189s ]
INFO: [ app_end ] --START--
INFO: Run Behavior\ShowPageTraceBehavior [ RunTime:0.000324s ]
INFO: [ app_end ] --END-- [ RunTime:0.000352s ]

[ 2016-11-19T09:52:23+08:00 ] 127.0.0.1 //Captcha/code
INFO: [ app_init ] --START--
INFO: Run Behavior\BuildLiteBehavior [ RunTime:0.000010s ]
INFO: [ app_init ] --END-- [ RunTime:0.000298s ]
INFO: [ app_begin ] --START--
INFO: Run Behavior\ReadHtmlCacheBehavior [ RunTime:0.000323s ]
INFO: [ app_begin ] --END-- [ RunTime:0.000363s ]
INFO: [ action_begin ] --START--
INFO: Run Common\Behaviors\CheckPermissionBehavior [ RunTime:0.000842s ]
INFO: [ action_begin ] --END-- [ RunTime:0.000906s ]
INFO: [ app_end ] --START--
INFO: Run Behavior\ShowPageTraceBehavior [ RunTime:0.000456s ]
INFO: [ app_end ] --END-- [ RunTime:0.000524s ]

[ 2016-11-19T09:52:34+08:00 ] 127.0.0.1 /Admin/login
INFO: [ app_init ] --START--
INFO: Run Behavior\BuildLiteBehavior [ RunTime:0.000009s ]
INFO: [ app_init ] --END-- [ RunTime:0.000246s ]
INFO: [ app_begin ] --START--
INFO: Run Behavior\ReadHtmlCacheBehavior [ RunTime:0.000289s ]
INFO: [ app_begin ] --END-- [ RunTime:0.000326s ]
INFO: [ action_begin ] --START--
INFO: Run Common\Behaviors\CheckPermissionBehavior [ RunTime:0.000566s ]
INFO: [ action_begin ] --END-- [ RunTime:0.000612s ]
SQL: SHOW COLUMNS FROM `shop_admin` [ RunTime:0.0175s ]
NOTIC: [8] Undefined index: validate E:\www\shop\ThinkPHP\Library\Think\Model.class.php 第 1185 行.
NOTIC: [8] Undefined index: email E:\www\shop\ThinkPHP\Library\Think\Model.class.php 第 1276 行.
SQL: SELECT `id`,`username`,`email` FROM `shop_admin`  [ RunTime:0.0003s ]
NOTIC: [8] Undefined index: auto E:\www\shop\ThinkPHP\Library\Think\Model.class.php 第 1128 行.
SQL: SELECT * FROM `shop_admin` WHERE `username` = 'admin' LIMIT 1   [ RunTime:0.0002s ]
SQL: SHOW COLUMNS FROM `shop_admin_role` [ RunTime:0.0090s ]
SQL: SELECT p.id,p.path FROM shop_admin_role ar INNER JOIN shop_role_permission as rp ON ar.role_id = rp.role_id INNER JOIN shop_permission as p ON rp.permission_id = p.id  WHERE `admin_id` = '1'  [ RunTime:0.0006s ]
NOTIC: [8] Undefined variable: remember E:\www\shop\admin.shop.cn\Application\Admin\Model\AdminModel.class.php 第 276 行.
SQL: UPDATE `shop_admin` SET `token`='MTYeTJdCrKcaWIloszrIxuBPdKYymwgR',`token_create_time`='1479520353' WHERE `id` = 1 [ RunTime:0.0688s ]
SQL: UPDATE `shop_admin` SET `last_login_time`='1479520353',`last_login_ip`='127.0.0.1' WHERE `id` = 1 [ RunTime:0.0664s ]
INFO: [ view_parse ] --START--
INFO: [ template_filter ] --START--
INFO: Run Behavior\ContentReplaceBehavior [ RunTime:0.000039s ]
INFO: [ template_filter ] --END-- [ RunTime:0.000078s ]
INFO: Run Behavior\ParseTemplateBehavior [ RunTime:0.019669s ]
INFO: [ view_parse ] --END-- [ RunTime:0.019712s ]
INFO: [ view_filter ] --START--
INFO: Run Behavior\WriteHtmlCacheBehavior [ RunTime:0.000155s ]
INFO: [ view_filter ] --END-- [ RunTime:0.000181s ]
INFO: [ app_end ] --START--
INFO: Run Behavior\ShowPageTraceBehavior [ RunTime:0.000298s ]
INFO: [ app_end ] --END-- [ RunTime:0.000325s ]

[ 2016-11-19T09:52:35+08:00 ] 127.0.0.1 /Index/index
INFO: [ app_init ] --START--
INFO: Run Behavior\BuildLiteBehavior [ RunTime:0.000011s ]
INFO: [ app_init ] --END-- [ RunTime:0.000314s ]
INFO: [ app_begin ] --START--
INFO: Run Behavior\ReadHtmlCacheBehavior [ RunTime:0.000333s ]
INFO: [ app_begin ] --END-- [ RunTime:0.000370s ]
INFO: [ action_begin ] --START--
INFO: Run Common\Behaviors\CheckPermissionBehavior [ RunTime:0.000581s ]
INFO: [ action_begin ] --END-- [ RunTime:0.000618s ]
INFO: [ view_parse ] --START--
INFO: [ template_filter ] --START--
INFO: Run Behavior\ContentReplaceBehavior [ RunTime:0.000038s ]
INFO: [ template_filter ] --END-- [ RunTime:0.000078s ]
INFO: Run Behavior\ParseTemplateBehavior [ RunTime:0.015866s ]
INFO: [ view_parse ] --END-- [ RunTime:0.015909s ]
INFO: [ view_filter ] --START--
INFO: Run Behavior\WriteHtmlCacheBehavior [ RunTime:0.000163s ]
INFO: [ view_filter ] --END-- [ RunTime:0.000189s ]
INFO: [ app_end ] --START--
INFO: Run Behavior\ShowPageTraceBehavior [ RunTime:0.000303s ]
INFO: [ app_end ] --END-- [ RunTime:0.000332s ]

[ 2016-11-19T09:52:35+08:00 ] 127.0.0.1 /Index/top
INFO: [ app_init ] --START--
INFO: Run Behavior\BuildLiteBehavior [ RunTime:0.000016s ]
INFO: [ app_init ] --END-- [ RunTime:0.000469s ]
INFO: [ app_begin ] --START--
INFO: Run Behavior\ReadHtmlCacheBehavior [ RunTime:0.000474s ]
INFO: [ app_begin ] --END-- [ RunTime:0.000530s ]
INFO: [ action_begin ] --START--
INFO: Run Common\Behaviors\CheckPermissionBehavior [ RunTime:0.001074s ]
INFO: [ action_begin ] --END-- [ RunTime:0.001152s ]
INFO: [ view_parse ] --START--
INFO: [ template_filter ] --START--
INFO: Run Behavior\ContentReplaceBehavior [ RunTime:0.000050s ]
INFO: [ template_filter ] --END-- [ RunTime:0.000097s ]
INFO: Run Behavior\ParseTemplateBehavior [ RunTime:0.017971s ]
INFO: [ view_parse ] --END-- [ RunTime:0.018029s ]
INFO: [ view_filter ] --START--
INFO: Run Behavior\WriteHtmlCacheBehavior [ RunTime:0.000181s ]
INFO: [ view_filter ] --END-- [ RunTime:0.000209s ]
INFO: [ app_end ] --START--
INFO: Run Behavior\ShowPageTraceBehavior [ RunTime:0.000326s ]
INFO: [ app_end ] --END-- [ RunTime:0.000355s ]

[ 2016-11-19T09:52:35+08:00 ] 127.0.0.1 /Index/menu
INFO: [ app_init ] --START--
INFO: Run Behavior\BuildLiteBehavior [ RunTime:0.000014s ]
INFO: [ app_init ] --END-- [ RunTime:0.000350s ]
INFO: [ app_begin ] --START--
INFO: Run Behavior\ReadHtmlCacheBehavior [ RunTime:0.000555s ]
INFO: [ app_begin ] --END-- [ RunTime:0.000622s ]
INFO: [ action_begin ] --START--
INFO: Run Common\Behaviors\CheckPermissionBehavior [ RunTime:0.001076s ]
INFO: [ action_begin ] --END-- [ RunTime:0.001166s ]
SQL: SHOW COLUMNS FROM `shop_menu` [ RunTime:0.0148s ]
SQL: SELECT * FROM `shop_menu` ORDER BY lft  [ RunTime:0.0003s ]
INFO: [ view_parse ] --START--
INFO: [ template_filter ] --START--
INFO: Run Behavior\ContentReplaceBehavior [ RunTime:0.000096s ]
INFO: [ template_filter ] --END-- [ RunTime:0.000143s ]
INFO: Run Behavior\ParseTemplateBehavior [ RunTime:0.080421s ]
INFO: [ view_parse ] --END-- [ RunTime:0.080480s ]
INFO: [ view_filter ] --START--
INFO: Run Behavior\WriteHtmlCacheBehavior [ RunTime:0.000357s ]
INFO: [ view_filter ] --END-- [ RunTime:0.000407s ]
INFO: [ app_end ] --START--
INFO: Run Behavior\ShowPageTraceBehavior [ RunTime:0.000828s ]
INFO: [ app_end ] --END-- [ RunTime:0.000909s ]

[ 2016-11-19T09:52:35+08:00 ] 127.0.0.1 /Index/main
INFO: [ app_init ] --START--
INFO: Run Behavior\BuildLiteBehavior [ RunTime:0.000016s ]
INFO: [ app_init ] --END-- [ RunTime:0.000402s ]
INFO: [ app_begin ] --START--
INFO: Run Behavior\ReadHtmlCacheBehavior [ RunTime:0.000428s ]
INFO: [ app_begin ] --END-- [ RunTime:0.000476s ]
INFO: [ action_begin ] --START--
INFO: Run Common\Behaviors\CheckPermissionBehavior [ RunTime:0.000748s ]
INFO: [ action_begin ] --END-- [ RunTime:0.000820s ]
INFO: [ view_parse ] --START--
INFO: [ template_filter ] --START--
INFO: Run Behavior\ContentReplaceBehavior [ RunTime:0.000058s ]
INFO: [ template_filter ] --END-- [ RunTime:0.000109s ]
INFO: Run Behavior\ParseTemplateBehavior [ RunTime:0.034741s ]
INFO: [ view_parse ] --END-- [ RunTime:0.034795s ]
INFO: [ view_filter ] --START--
INFO: Run Behavior\WriteHtmlCacheBehavior [ RunTime:0.000271s ]
INFO: [ view_filter ] --END-- [ RunTime:0.000306s ]
INFO: [ app_end ] --START--
INFO: Run Behavior\ShowPageTraceBehavior [ RunTime:0.000392s ]
INFO: [ app_end ] --END-- [ RunTime:0.000424s ]

[ 2016-11-19T09:52:37+08:00 ] 127.0.0.1 /GoodsCategory/index
INFO: [ app_init ] --START--
INFO: Run Behavior\BuildLiteBehavior [ RunTime:0.000011s ]
INFO: [ app_init ] --END-- [ RunTime:0.000258s ]
INFO: [ app_begin ] --START--
INFO: Run Behavior\ReadHtmlCacheBehavior [ RunTime:0.000293s ]
INFO: [ app_begin ] --END-- [ RunTime:0.000328s ]
INFO: [ action_begin ] --START--
INFO: Run Common\Behaviors\CheckPermissionBehavior [ RunTime:0.000585s ]
INFO: [ action_begin ] --END-- [ RunTime:0.000637s ]
SQL: SHOW COLUMNS FROM `shop_goods_category` [ RunTime:0.0137s ]
SQL: SELECT * FROM `shop_goods_category` ORDER BY lft  [ RunTime:0.0003s ]
INFO: [ view_parse ] --START--
INFO: [ template_filter ] --START--
INFO: Run Behavior\ContentReplaceBehavior [ RunTime:0.000053s ]
INFO: [ template_filter ] --END-- [ RunTime:0.000094s ]
INFO: Run Behavior\ParseTemplateBehavior [ RunTime:0.102208s ]
INFO: [ view_parse ] --END-- [ RunTime:0.102253s ]
INFO: [ view_filter ] --START--
INFO: Run Behavior\WriteHtmlCacheBehavior [ RunTime:0.000179s ]
INFO: [ view_filter ] --END-- [ RunTime:0.000206s ]
INFO: [ app_end ] --START--
INFO: Run Behavior\ShowPageTraceBehavior [ RunTime:0.000297s ]
INFO: [ app_end ] --END-- [ RunTime:0.000323s ]

[ 2016-11-19T09:52:41+08:00 ] 127.0.0.1 /Index/main
INFO: [ app_init ] --START--
INFO: Run Behavior\BuildLiteBehavior [ RunTime:0.000010s ]
INFO: [ app_init ] --END-- [ RunTime:0.000237s ]
INFO: [ app_begin ] --START--
INFO: Run Behavior\ReadHtmlCacheBehavior [ RunTime:0.000293s ]
INFO: [ app_begin ] --END-- [ RunTime:0.000327s ]
INFO: [ action_begin ] --START--
INFO: Run Common\Behaviors\CheckPermissionBehavior [ RunTime:0.000510s ]
INFO: [ action_begin ] --END-- [ RunTime:0.000545s ]
INFO: [ view_parse ] --START--
INFO: [ template_filter ] --START--
INFO: Run Behavior\ContentReplaceBehavior [ RunTime:0.000049s ]
INFO: [ template_filter ] --END-- [ RunTime:0.000081s ]
INFO: Run Behavior\ParseTemplateBehavior [ RunTime:0.004925s ]
INFO: [ view_parse ] --END-- [ RunTime:0.004964s ]
INFO: [ view_filter ] --START--
INFO: Run Behavior\WriteHtmlCacheBehavior [ RunTime:0.000155s ]
INFO: [ view_filter ] --END-- [ RunTime:0.000183s ]
INFO: [ app_end ] --START--
INFO: Run Behavior\ShowPageTraceBehavior [ RunTime:0.000298s ]
INFO: [ app_end ] --END-- [ RunTime:0.000327s ]

[ 2016-11-19T09:52:42+08:00 ] 127.0.0.1 /GoodsCategory/add
INFO: [ app_init ] --START--
INFO: Run Behavior\BuildLiteBehavior [ RunTime:0.000010s ]
INFO: [ app_init ] --END-- [ RunTime:0.000238s ]
INFO: [ app_begin ] --START--
INFO: Run Behavior\ReadHtmlCacheBehavior [ RunTime:0.000299s ]
INFO: [ app_begin ] --END-- [ RunTime:0.000366s ]
INFO: [ action_begin ] --START--
INFO: Run Common\Behaviors\CheckPermissionBehavior [ RunTime:0.000518s ]
INFO: [ action_begin ] --END-- [ RunTime:0.000567s ]
SQL: SHOW COLUMNS FROM `shop_goods_category` [ RunTime:0.0149s ]
SQL: SELECT * FROM `shop_goods_category` ORDER BY lft  [ RunTime:0.0003s ]
INFO: [ view_parse ] --START--
INFO: [ template_filter ] --START--
INFO: Run Behavior\ContentReplaceBehavior [ RunTime:0.000072s ]
INFO: [ template_filter ] --END-- [ RunTime:0.000124s ]
NOTIC: [8] Undefined variable: row E:\www\shop\admin.shop.cn\Application\Runtime\Cache\Admin\623dc9468efb3327643fbff2e76bf99d.php 第 23 行.
NOTIC: [8] Undefined variable: row E:\www\shop\admin.shop.cn\Application\Runtime\Cache\Admin\623dc9468efb3327643fbff2e76bf99d.php 第 24 行.
NOTIC: [8] Undefined variable: row E:\www\shop\admin.shop.cn\Application\Runtime\Cache\Admin\623dc9468efb3327643fbff2e76bf99d.php 第 32 行.
NOTIC: [8] Undefined variable: row E:\www\shop\admin.shop.cn\Application\Runtime\Cache\Admin\623dc9468efb3327643fbff2e76bf99d.php 第 32 行.
NOTIC: [8] Undefined variable: row E:\www\shop\admin.shop.cn\Application\Runtime\Cache\Admin\623dc9468efb3327643fbff2e76bf99d.php 第 32 行.
NOTIC: [8] Undefined variable: row E:\www\shop\admin.shop.cn\Application\Runtime\Cache\Admin\623dc9468efb3327643fbff2e76bf99d.php 第 32 行.
NOTIC: [8] Undefined variable: row E:\www\shop\admin.shop.cn\Application\Runtime\Cache\Admin\623dc9468efb3327643fbff2e76bf99d.php 第 32 行.
NOTIC: [8] Undefined variable: row E:\www\shop\admin.shop.cn\Application\Runtime\Cache\Admin\623dc9468efb3327643fbff2e76bf99d.php 第 59 行.
INFO: Run Behavior\ParseTemplateBehavior [ RunTime:0.045779s ]
INFO: [ view_parse ] --END-- [ RunTime:0.045815s ]
INFO: [ view_filter ] --START--
INFO: Run Behavior\WriteHtmlCacheBehavior [ RunTime:0.000157s ]
INFO: [ view_filter ] --END-- [ RunTime:0.000184s ]
INFO: [ app_end ] --START--
INFO: Run Behavior\ShowPageTraceBehavior [ RunTime:0.000345s ]
INFO: [ app_end ] --END-- [ RunTime:0.000382s ]

[ 2016-11-19T09:52:43+08:00 ] 127.0.0.1 /Goods/index
INFO: [ app_init ] --START--
INFO: Run Behavior\BuildLiteBehavior [ RunTime:0.000009s ]
INFO: [ app_init ] --END-- [ RunTime:0.000262s ]
INFO: [ app_begin ] --START--
INFO: Run Behavior\ReadHtmlCacheBehavior [ RunTime:0.000314s ]
INFO: [ app_begin ] --END-- [ RunTime:0.000377s ]
INFO: [ action_begin ] --START--
INFO: Run Common\Behaviors\CheckPermissionBehavior [ RunTime:0.000609s ]
INFO: [ action_begin ] --END-- [ RunTime:0.000660s ]
SQL: SHOW COLUMNS FROM `shop_goods` [ RunTime:0.0415s ]
SQL: SELECT COUNT(*) AS tp_count FROM `shop_goods` WHERE `status` = 1 LIMIT 1   [ RunTime:0.0002s ]
NOTIC: [2] Division by zero E:\www\shop\ThinkPHP\Library\Think\Page.class.php 第 84 行.
NOTIC: [8] Undefined index: limit E:\www\shop\ThinkPHP\Library\Think\Db\Driver.class.php 第 961 行.
SQL: SELECT * FROM `shop_goods` WHERE `status` = 1 ORDER BY sort LIMIT 0,20   [ RunTime:0.0003s ]
SQL: SHOW COLUMNS FROM `shop_goods_category` [ RunTime:0.0116s ]
SQL: SELECT * FROM `shop_goods_category` ORDER BY lft  [ RunTime:0.0003s ]
SQL: SHOW COLUMNS FROM `shop_brand` [ RunTime:0.0083s ]
SQL: SELECT * FROM `shop_brand` WHERE `status` = 1 ORDER BY sort  [ RunTime:0.0003s ]
INFO: [ view_parse ] --START--
INFO: [ template_filter ] --START--
INFO: Run Behavior\ContentReplaceBehavior [ RunTime:0.000080s ]
INFO: [ template_filter ] --END-- [ RunTime:0.000125s ]
INFO: Run Behavior\ParseTemplateBehavior [ RunTime:0.055871s ]
INFO: [ view_parse ] --END-- [ RunTime:0.055915s ]
INFO: [ view_filter ] --START--
INFO: Run Behavior\WriteHtmlCacheBehavior [ RunTime:0.000165s ]
INFO: [ view_filter ] --END-- [ RunTime:0.000191s ]
INFO: [ app_end ] --START--
INFO: Run Behavior\ShowPageTraceBehavior [ RunTime:0.000347s ]
INFO: [ app_end ] --END-- [ RunTime:0.000385s ]

[ 2016-11-19T09:52:45+08:00 ] 127.0.0.1 /Goods/edit/id/1
INFO: [ app_init ] --START--
INFO: Run Behavior\BuildLiteBehavior [ RunTime:0.000008s ]
INFO: [ app_init ] --END-- [ RunTime:0.000228s ]
INFO: [ app_begin ] --START--
INFO: Run Behavior\ReadHtmlCacheBehavior [ RunTime:0.000337s ]
INFO: [ app_begin ] --END-- [ RunTime:0.000382s ]
INFO: [ action_begin ] --START--
INFO: Run Common\Behaviors\CheckPermissionBehavior [ RunTime:0.000540s ]
INFO: [ action_begin ] --END-- [ RunTime:0.000586s ]
SQL: SHOW COLUMNS FROM `shop_goods` [ RunTime:0.0114s ]
SQL: SELECT * FROM `shop_goods` WHERE `id` = 1 LIMIT 1   [ RunTime:0.0003s ]
SQL: SHOW COLUMNS FROM `shop_goods_intro` [ RunTime:0.0080s ]
SQL: SELECT `content` FROM `shop_goods_intro` WHERE `goods_id` = '1' LIMIT 1   [ RunTime:0.0002s ]
SQL: SHOW COLUMNS FROM `shop_goods_gallery` [ RunTime:0.0089s ]
SQL: SELECT `id`,`id`,`path` FROM `shop_goods_gallery` WHERE `goods_id` = '1'  [ RunTime:0.0003s ]
SQL: SHOW COLUMNS FROM `shop_goods_category` [ RunTime:0.0119s ]
SQL: SELECT * FROM `shop_goods_category` ORDER BY lft  [ RunTime:0.0003s ]
SQL: SHOW COLUMNS FROM `shop_brand` [ RunTime:0.0083s ]
SQL: SELECT * FROM `shop_brand` WHERE `status` = 1 ORDER BY sort  [ RunTime:0.0003s ]
INFO: [ view_parse ] --START--
INFO: [ template_filter ] --START--
INFO: Run Behavior\ContentReplaceBehavior [ RunTime:0.000145s ]
INFO: [ template_filter ] --END-- [ RunTime:0.000185s ]
INFO: Run Behavior\ParseTemplateBehavior [ RunTime:0.092115s ]
INFO: [ view_parse ] --END-- [ RunTime:0.092165s ]
INFO: [ view_filter ] --START--
INFO: Run Behavior\WriteHtmlCacheBehavior [ RunTime:0.000233s ]
INFO: [ view_filter ] --END-- [ RunTime:0.000271s ]
INFO: [ app_end ] --START--
INFO: Run Behavior\ShowPageTraceBehavior [ RunTime:0.000487s ]
INFO: [ app_end ] --END-- [ RunTime:0.000531s ]

[ 2016-11-19T09:52:46+08:00 ] 127.0.0.1 /Goods/edit/id/
INFO: [ app_init ] --START--
INFO: Run Behavior\BuildLiteBehavior [ RunTime:0.000011s ]
INFO: [ app_init ] --END-- [ RunTime:0.000278s ]
INFO: [ app_begin ] --START--
INFO: Run Behavior\ReadHtmlCacheBehavior [ RunTime:0.000335s ]
INFO: [ app_begin ] --END-- [ RunTime:0.000377s ]
INFO: [ action_begin ] --START--
INFO: Run Common\Behaviors\CheckPermissionBehavior [ RunTime:0.000591s ]
INFO: [ action_begin ] --END-- [ RunTime:0.000633s ]
SQL: SHOW COLUMNS FROM `shop_goods` [ RunTime:0.0121s ]
ERR: 参数错误或者未定义:id

[ 2016-11-19T09:52:46+08:00 ] 127.0.0.1 /Goods/edit/id/
INFO: [ app_init ] --START--
INFO: Run Behavior\BuildLiteBehavior [ RunTime:0.000009s ]
INFO: [ app_init ] --END-- [ RunTime:0.000275s ]
INFO: [ app_begin ] --START--
INFO: Run Behavior\ReadHtmlCacheBehavior [ RunTime:0.000308s ]
INFO: [ app_begin ] --END-- [ RunTime:0.000341s ]
INFO: [ action_begin ] --START--
INFO: Run Common\Behaviors\CheckPermissionBehavior [ RunTime:0.000558s ]
INFO: [ action_begin ] --END-- [ RunTime:0.000593s ]
SQL: SHOW COLUMNS FROM `shop_goods` [ RunTime:0.0070s ]
ERR: 参数错误或者未定义:id

[ 2016-11-19T09:53:04+08:00 ] 127.0.0.1 /Admin/logout
INFO: [ app_init ] --START--
INFO: Run Behavior\BuildLiteBehavior [ RunTime:0.000010s ]
INFO: [ app_init ] --END-- [ RunTime:0.000243s ]
INFO: [ app_begin ] --START--
INFO: Run Behavior\ReadHtmlCacheBehavior [ RunTime:0.000320s ]
INFO: [ app_begin ] --END-- [ RunTime:0.000354s ]
INFO: [ action_begin ] --START--
INFO: Run Common\Behaviors\CheckPermissionBehavior [ RunTime:0.000559s ]
INFO: [ action_begin ] --END-- [ RunTime:0.000598s ]

[ 2016-11-19T09:53:04+08:00 ] 127.0.0.1 /Admin/logout
INFO: [ app_init ] --START--
INFO: Run Behavior\BuildLiteBehavior [ RunTime:0.000009s ]
INFO: [ app_init ] --END-- [ RunTime:0.000263s ]
INFO: [ app_begin ] --START--
INFO: Run Behavior\ReadHtmlCacheBehavior [ RunTime:0.000455s ]
INFO: [ app_begin ] --END-- [ RunTime:0.000490s ]
INFO: [ action_begin ] --START--
SQL: SHOW COLUMNS FROM `shop_admin` [ RunTime:0.0195s ]

[ 2016-11-19T09:53:04+08:00 ] 127.0.0.1 /Admin/login
INFO: [ app_init ] --START--
INFO: Run Behavior\BuildLiteBehavior [ RunTime:0.000014s ]
INFO: [ app_init ] --END-- [ RunTime:0.000377s ]
INFO: [ app_begin ] --START--
INFO: Run Behavior\ReadHtmlCacheBehavior [ RunTime:0.000373s ]
INFO: [ app_begin ] --END-- [ RunTime:0.000414s ]
INFO: [ action_begin ] --START--
INFO: Run Common\Behaviors\CheckPermissionBehavior [ RunTime:0.000706s ]
INFO: [ action_begin ] --END-- [ RunTime:0.000764s ]
INFO: [ view_parse ] --START--
INFO: [ template_filter ] --START--
INFO: Run Behavior\ContentReplaceBehavior [ RunTime:0.000042s ]
INFO: [ template_filter ] --END-- [ RunTime:0.000079s ]
INFO: Run Behavior\ParseTemplateBehavior [ RunTime:0.004118s ]
INFO: [ view_parse ] --END-- [ RunTime:0.004159s ]
INFO: [ view_filter ] --START--
INFO: Run Behavior\WriteHtmlCacheBehavior [ RunTime:0.000171s ]
INFO: [ view_filter ] --END-- [ RunTime:0.000198s ]
INFO: [ app_end ] --START--
INFO: Run Behavior\ShowPageTraceBehavior [ RunTime:0.000309s ]
INFO: [ app_end ] --END-- [ RunTime:0.000339s ]

[ 2016-11-19T09:53:04+08:00 ] 127.0.0.1 //Captcha/code
INFO: [ app_init ] --START--
INFO: Run Behavior\BuildLiteBehavior [ RunTime:0.000011s ]
INFO: [ app_init ] --END-- [ RunTime:0.000283s ]
INFO: [ app_begin ] --START--
INFO: Run Behavior\ReadHtmlCacheBehavior [ RunTime:0.000329s ]
INFO: [ app_begin ] --END-- [ RunTime:0.000371s ]
INFO: [ action_begin ] --START--
INFO: Run Common\Behaviors\CheckPermissionBehavior [ RunTime:0.000538s ]
INFO: [ action_begin ] --END-- [ RunTime:0.000581s ]
INFO: [ app_end ] --START--
INFO: Run Behavior\ShowPageTraceBehavior [ RunTime:0.000368s ]
INFO: [ app_end ] --END-- [ RunTime:0.000415s ]

