[ 2016-11-18T19:33:52+08:00 ] 127.0.0.1 /
INFO: [ app_init ] --START--
INFO: Run Behavior\BuildLiteBehavior [ RunTime:0.000012s ]
INFO: [ app_init ] --END-- [ RunTime:0.000305s ]
INFO: [ app_begin ] --START--
INFO: Run Behavior\ReadHtmlCacheBehavior [ RunTime:0.000430s ]
INFO: [ app_begin ] --END-- [ RunTime:0.000480s ]
INFO: [ action_begin ] --START--
SQL: SHOW COLUMNS FROM `shop_admin` [ RunTime:0.0183s ]

[ 2016-11-18T19:33:52+08:00 ] 127.0.0.1 /Admin/login.html
INFO: [ app_init ] --START--
INFO: Run Behavior\BuildLiteBehavior [ RunTime:0.000009s ]
INFO: [ app_init ] --END-- [ RunTime:0.000268s ]
INFO: [ app_begin ] --START--
INFO: Run Behavior\ReadHtmlCacheBehavior [ RunTime:0.000324s ]
INFO: [ app_begin ] --END-- [ RunTime:0.000359s ]
INFO: [ action_begin ] --START--
INFO: Run Common\Behaviors\CheckPermissionBehavior [ RunTime:0.000653s ]
INFO: [ action_begin ] --END-- [ RunTime:0.000712s ]
INFO: [ view_parse ] --START--
INFO: [ template_filter ] --START--
INFO: Run Behavior\ContentReplaceBehavior [ RunTime:0.000044s ]
INFO: [ template_filter ] --END-- [ RunTime:0.000088s ]
INFO: Run Behavior\ParseTemplateBehavior [ RunTime:0.016806s ]
INFO: [ view_parse ] --END-- [ RunTime:0.016857s ]
INFO: [ view_filter ] --START--
INFO: Run Behavior\WriteHtmlCacheBehavior [ RunTime:0.000257s ]
INFO: [ view_filter ] --END-- [ RunTime:0.000290s ]
INFO: [ app_end ] --START--
INFO: Run Behavior\ShowPageTraceBehavior [ RunTime:0.000656s ]
INFO: [ app_end ] --END-- [ RunTime:0.000705s ]

[ 2016-11-18T19:33:52+08:00 ] 127.0.0.1 //Captcha/code.html
INFO: [ app_init ] --START--
INFO: Run Behavior\BuildLiteBehavior [ RunTime:0.000020s ]
INFO: [ app_init ] --END-- [ RunTime:0.000470s ]
INFO: [ app_begin ] --START--
INFO: Run Behavior\ReadHtmlCacheBehavior [ RunTime:0.000605s ]
INFO: [ app_begin ] --END-- [ RunTime:0.000692s ]
INFO: [ action_begin ] --START--
INFO: Run Common\Behaviors\CheckPermissionBehavior [ RunTime:0.000863s ]
INFO: [ action_begin ] --END-- [ RunTime:0.000941s ]
INFO: [ app_end ] --START--
INFO: Run Behavior\ShowPageTraceBehavior [ RunTime:0.000677s ]
INFO: [ app_end ] --END-- [ RunTime:0.000757s ]

[ 2016-11-18T19:33:52+08:00 ] 127.0.0.1 /favicon.ico
INFO: [ app_init ] --START--
INFO: Run Behavior\BuildLiteBehavior [ RunTime:0.000009s ]
INFO: [ app_init ] --END-- [ RunTime:0.000247s ]

[ 2016-11-18T19:33:58+08:00 ] 127.0.0.1 /Admin/login.html
INFO: [ app_init ] --START--
INFO: Run Behavior\BuildLiteBehavior [ RunTime:0.000011s ]
INFO: [ app_init ] --END-- [ RunTime:0.000262s ]
INFO: [ app_begin ] --START--
INFO: Run Behavior\ReadHtmlCacheBehavior [ RunTime:0.000314s ]
INFO: [ app_begin ] --END-- [ RunTime:0.000348s ]
INFO: [ action_begin ] --START--
INFO: Run Common\Behaviors\CheckPermissionBehavior [ RunTime:0.000525s ]
INFO: [ action_begin ] --END-- [ RunTime:0.000561s ]
SQL: SHOW COLUMNS FROM `shop_admin` [ RunTime:0.0187s ]
NOTIC: [8] Undefined index: validate E:\www\shop\ThinkPHP\Library\Think\Model.class.php 第 1185 行.
NOTIC: [8] Undefined index: email E:\www\shop\ThinkPHP\Library\Think\Model.class.php 第 1276 行.
SQL: SELECT `id`,`username`,`email` FROM `shop_admin`  [ RunTime:0.0003s ]
NOTIC: [8] Undefined index: auto E:\www\shop\ThinkPHP\Library\Think\Model.class.php 第 1128 行.
SQL: SELECT * FROM `shop_admin` WHERE `username` = 'admin' LIMIT 1   [ RunTime:0.0002s ]
SQL: SHOW COLUMNS FROM `shop_admin_role` [ RunTime:0.0081s ]
SQL: SELECT p.id,p.path FROM shop_admin_role ar INNER JOIN shop_role_permission as rp ON ar.role_id = rp.role_id INNER JOIN shop_permission as p ON rp.permission_id = p.id  WHERE `admin_id` = '1'  [ RunTime:0.0007s ]
NOTIC: [8] Undefined variable: remember E:\www\shop\admin.shop.cn\Application\Admin\Model\AdminModel.class.php 第 276 行.
SQL: UPDATE `shop_admin` SET `token`='lyIRJsoSXyfQDNUzYwhMkpvOoWtECgib',`token_create_time`='1479468838' WHERE `id` = 1 [ RunTime:0.0465s ]
SQL: UPDATE `shop_admin` SET `last_login_time`='1479468838',`last_login_ip`='127.0.0.1' WHERE `id` = 1 [ RunTime:0.0552s ]
INFO: [ view_parse ] --START--
INFO: [ template_filter ] --START--
INFO: Run Behavior\ContentReplaceBehavior [ RunTime:0.000040s ]
INFO: [ template_filter ] --END-- [ RunTime:0.000082s ]
INFO: Run Behavior\ParseTemplateBehavior [ RunTime:0.013064s ]
INFO: [ view_parse ] --END-- [ RunTime:0.013143s ]
INFO: [ view_filter ] --START--
INFO: Run Behavior\WriteHtmlCacheBehavior [ RunTime:0.000222s ]
INFO: [ view_filter ] --END-- [ RunTime:0.000265s ]
INFO: [ app_end ] --START--
INFO: Run Behavior\ShowPageTraceBehavior [ RunTime:0.000582s ]
INFO: [ app_end ] --END-- [ RunTime:0.000627s ]

[ 2016-11-18T19:33:59+08:00 ] 127.0.0.1 /Index/index.html
INFO: [ app_init ] --START--
INFO: Run Behavior\BuildLiteBehavior [ RunTime:0.000018s ]
INFO: [ app_init ] --END-- [ RunTime:0.000480s ]
INFO: [ app_begin ] --START--
INFO: Run Behavior\ReadHtmlCacheBehavior [ RunTime:0.000590s ]
INFO: [ app_begin ] --END-- [ RunTime:0.000660s ]
INFO: [ action_begin ] --START--
INFO: Run Common\Behaviors\CheckPermissionBehavior [ RunTime:0.001004s ]
INFO: [ action_begin ] --END-- [ RunTime:0.001077s ]
INFO: [ view_parse ] --START--
INFO: [ template_filter ] --START--
INFO: Run Behavior\ContentReplaceBehavior [ RunTime:0.000069s ]
INFO: [ template_filter ] --END-- [ RunTime:0.000147s ]
INFO: Run Behavior\ParseTemplateBehavior [ RunTime:0.026353s ]
INFO: [ view_parse ] --END-- [ RunTime:0.026418s ]
INFO: [ view_filter ] --START--
INFO: Run Behavior\WriteHtmlCacheBehavior [ RunTime:0.000226s ]
INFO: [ view_filter ] --END-- [ RunTime:0.000264s ]
INFO: [ app_end ] --START--
INFO: Run Behavior\ShowPageTraceBehavior [ RunTime:0.000589s ]
INFO: [ app_end ] --END-- [ RunTime:0.000628s ]

[ 2016-11-18T19:33:59+08:00 ] 127.0.0.1 /Index/top.html
INFO: [ app_init ] --START--
INFO: Run Behavior\BuildLiteBehavior [ RunTime:0.000016s ]
INFO: [ app_init ] --END-- [ RunTime:0.000382s ]
INFO: [ app_begin ] --START--
INFO: Run Behavior\ReadHtmlCacheBehavior [ RunTime:0.000488s ]
INFO: [ app_begin ] --END-- [ RunTime:0.000558s ]
INFO: [ action_begin ] --START--
INFO: Run Common\Behaviors\CheckPermissionBehavior [ RunTime:0.000820s ]
INFO: [ action_begin ] --END-- [ RunTime:0.000894s ]
INFO: [ view_parse ] --START--
INFO: [ template_filter ] --START--
INFO: Run Behavior\ContentReplaceBehavior [ RunTime:0.000055s ]
INFO: [ template_filter ] --END-- [ RunTime:0.000100s ]
INFO: Run Behavior\ParseTemplateBehavior [ RunTime:0.018804s ]
INFO: [ view_parse ] --END-- [ RunTime:0.018874s ]
INFO: [ view_filter ] --START--
INFO: Run Behavior\WriteHtmlCacheBehavior [ RunTime:0.000256s ]
INFO: [ view_filter ] --END-- [ RunTime:0.000303s ]
INFO: [ app_end ] --START--
INFO: Run Behavior\ShowPageTraceBehavior [ RunTime:0.000605s ]
INFO: [ app_end ] --END-- [ RunTime:0.000651s ]

[ 2016-11-18T19:33:59+08:00 ] 127.0.0.1 /Index/menu.html
INFO: [ app_init ] --START--
INFO: Run Behavior\BuildLiteBehavior [ RunTime:0.000015s ]
INFO: [ app_init ] --END-- [ RunTime:0.000481s ]
INFO: [ app_begin ] --START--
INFO: Run Behavior\ReadHtmlCacheBehavior [ RunTime:0.000568s ]
INFO: [ app_begin ] --END-- [ RunTime:0.000636s ]
INFO: [ action_begin ] --START--
INFO: Run Common\Behaviors\CheckPermissionBehavior [ RunTime:0.000662s ]
INFO: [ action_begin ] --END-- [ RunTime:0.000716s ]
SQL: SHOW COLUMNS FROM `shop_menu` [ RunTime:0.0139s ]
SQL: SELECT * FROM `shop_menu` ORDER BY lft  [ RunTime:0.0003s ]
INFO: [ view_parse ] --START--
INFO: [ template_filter ] --START--
INFO: Run Behavior\ContentReplaceBehavior [ RunTime:0.000093s ]
INFO: [ template_filter ] --END-- [ RunTime:0.000137s ]
INFO: Run Behavior\ParseTemplateBehavior [ RunTime:0.075032s ]
INFO: [ view_parse ] --END-- [ RunTime:0.075096s ]
INFO: [ view_filter ] --START--
INFO: Run Behavior\WriteHtmlCacheBehavior [ RunTime:0.000450s ]
INFO: [ view_filter ] --END-- [ RunTime:0.000506s ]
INFO: [ app_end ] --START--
INFO: Run Behavior\ShowPageTraceBehavior [ RunTime:0.001074s ]
INFO: [ app_end ] --END-- [ RunTime:0.002681s ]

[ 2016-11-18T19:33:59+08:00 ] 127.0.0.1 /Index/main.html
INFO: [ app_init ] --START--
INFO: Run Behavior\BuildLiteBehavior [ RunTime:0.000017s ]
INFO: [ app_init ] --END-- [ RunTime:0.000527s ]
INFO: [ app_begin ] --START--
INFO: Run Behavior\ReadHtmlCacheBehavior [ RunTime:0.001059s ]
INFO: [ app_begin ] --END-- [ RunTime:0.001132s ]
INFO: [ action_begin ] --START--
INFO: Run Common\Behaviors\CheckPermissionBehavior [ RunTime:0.001453s ]
INFO: [ action_begin ] --END-- [ RunTime:0.001545s ]
INFO: [ view_parse ] --START--
INFO: [ template_filter ] --START--
INFO: Run Behavior\ContentReplaceBehavior [ RunTime:0.000095s ]
INFO: [ template_filter ] --END-- [ RunTime:0.000165s ]
INFO: Run Behavior\ParseTemplateBehavior [ RunTime:0.045271s ]
INFO: [ view_parse ] --END-- [ RunTime:0.045368s ]
INFO: [ view_filter ] --START--
INFO: Run Behavior\WriteHtmlCacheBehavior [ RunTime:0.000611s ]
INFO: [ view_filter ] --END-- [ RunTime:0.000676s ]
INFO: [ app_end ] --START--
INFO: Run Behavior\ShowPageTraceBehavior [ RunTime:0.000690s ]
INFO: [ app_end ] --END-- [ RunTime:0.000751s ]

[ 2016-11-18T19:34:01+08:00 ] 127.0.0.1 /Goods/index.html
INFO: [ app_init ] --START--
INFO: Run Behavior\BuildLiteBehavior [ RunTime:0.000011s ]
INFO: [ app_init ] --END-- [ RunTime:0.000311s ]
INFO: [ app_begin ] --START--
INFO: Run Behavior\ReadHtmlCacheBehavior [ RunTime:0.000455s ]
INFO: [ app_begin ] --END-- [ RunTime:0.000496s ]
INFO: [ action_begin ] --START--
INFO: Run Common\Behaviors\CheckPermissionBehavior [ RunTime:0.000769s ]
INFO: [ action_begin ] --END-- [ RunTime:0.000827s ]
SQL: SHOW COLUMNS FROM `shop_goods` [ RunTime:0.0126s ]
SQL: SELECT COUNT(*) AS tp_count FROM `shop_goods` WHERE `status` = 1 LIMIT 1   [ RunTime:0.0003s ]
NOTIC: [2] Division by zero E:\www\shop\ThinkPHP\Library\Think\Page.class.php 第 84 行.
NOTIC: [8] Undefined index: limit E:\www\shop\ThinkPHP\Library\Think\Db\Driver.class.php 第 961 行.
SQL: SELECT * FROM `shop_goods` WHERE `status` = 1 ORDER BY sort LIMIT 0,20   [ RunTime:0.0003s ]
SQL: SHOW COLUMNS FROM `shop_goods_category` [ RunTime:0.0128s ]
SQL: SELECT * FROM `shop_goods_category` ORDER BY lft  [ RunTime:0.0003s ]
SQL: SHOW COLUMNS FROM `shop_brand` [ RunTime:0.0087s ]
SQL: SELECT * FROM `shop_brand` WHERE `status` = 1 ORDER BY sort  [ RunTime:0.0003s ]
INFO: [ view_parse ] --START--
INFO: [ template_filter ] --START--
INFO: Run Behavior\ContentReplaceBehavior [ RunTime:0.000092s ]
INFO: [ template_filter ] --END-- [ RunTime:0.000148s ]
INFO: Run Behavior\ParseTemplateBehavior [ RunTime:0.054706s ]
INFO: [ view_parse ] --END-- [ RunTime:0.054751s ]
INFO: [ view_filter ] --START--
INFO: Run Behavior\WriteHtmlCacheBehavior [ RunTime:0.000279s ]
INFO: [ view_filter ] --END-- [ RunTime:0.000305s ]
INFO: [ app_end ] --START--
INFO: Run Behavior\ShowPageTraceBehavior [ RunTime:0.000388s ]
INFO: [ app_end ] --END-- [ RunTime:0.000417s ]

[ 2016-11-18T19:34:01+08:00 ] 127.0.0.1 /GoodsCategory/add.html
INFO: [ app_init ] --START--
INFO: Run Behavior\BuildLiteBehavior [ RunTime:0.000010s ]
INFO: [ app_init ] --END-- [ RunTime:0.000306s ]
INFO: [ app_begin ] --START--
INFO: Run Behavior\ReadHtmlCacheBehavior [ RunTime:0.000458s ]
INFO: [ app_begin ] --END-- [ RunTime:0.000504s ]
INFO: [ action_begin ] --START--
INFO: Run Common\Behaviors\CheckPermissionBehavior [ RunTime:0.000667s ]
INFO: [ action_begin ] --END-- [ RunTime:0.000770s ]
SQL: SHOW COLUMNS FROM `shop_goods_category` [ RunTime:0.0098s ]
SQL: SELECT * FROM `shop_goods_category` ORDER BY lft  [ RunTime:0.0003s ]
INFO: [ view_parse ] --START--
INFO: [ template_filter ] --START--
INFO: Run Behavior\ContentReplaceBehavior [ RunTime:0.000060s ]
INFO: [ template_filter ] --END-- [ RunTime:0.000101s ]
NOTIC: [8] Undefined variable: row E:\www\shop\admin.shop.cn\Application\Runtime\Cache\Admin\623dc9468efb3327643fbff2e76bf99d.php 第 23 行.
NOTIC: [8] Undefined variable: row E:\www\shop\admin.shop.cn\Application\Runtime\Cache\Admin\623dc9468efb3327643fbff2e76bf99d.php 第 24 行.
NOTIC: [8] Undefined variable: row E:\www\shop\admin.shop.cn\Application\Runtime\Cache\Admin\623dc9468efb3327643fbff2e76bf99d.php 第 32 行.
NOTIC: [8] Undefined variable: row E:\www\shop\admin.shop.cn\Application\Runtime\Cache\Admin\623dc9468efb3327643fbff2e76bf99d.php 第 32 行.
NOTIC: [8] Undefined variable: row E:\www\shop\admin.shop.cn\Application\Runtime\Cache\Admin\623dc9468efb3327643fbff2e76bf99d.php 第 32 行.
NOTIC: [8] Undefined variable: row E:\www\shop\admin.shop.cn\Application\Runtime\Cache\Admin\623dc9468efb3327643fbff2e76bf99d.php 第 32 行.
NOTIC: [8] Undefined variable: row E:\www\shop\admin.shop.cn\Application\Runtime\Cache\Admin\623dc9468efb3327643fbff2e76bf99d.php 第 32 行.
NOTIC: [8] Undefined variable: row E:\www\shop\admin.shop.cn\Application\Runtime\Cache\Admin\623dc9468efb3327643fbff2e76bf99d.php 第 59 行.
INFO: Run Behavior\ParseTemplateBehavior [ RunTime:0.065549s ]
INFO: [ view_parse ] --END-- [ RunTime:0.065590s ]
INFO: [ view_filter ] --START--
INFO: Run Behavior\WriteHtmlCacheBehavior [ RunTime:0.000245s ]
INFO: [ view_filter ] --END-- [ RunTime:0.000271s ]
INFO: [ app_end ] --START--
INFO: Run Behavior\ShowPageTraceBehavior [ RunTime:0.000379s ]
INFO: [ app_end ] --END-- [ RunTime:0.000408s ]

[ 2016-11-18T19:34:04+08:00 ] 127.0.0.1 /Goods/add.html
INFO: [ app_init ] --START--
INFO: Run Behavior\BuildLiteBehavior [ RunTime:0.000011s ]
INFO: [ app_init ] --END-- [ RunTime:0.000290s ]
INFO: [ app_begin ] --START--
INFO: Run Behavior\ReadHtmlCacheBehavior [ RunTime:0.000355s ]
INFO: [ app_begin ] --END-- [ RunTime:0.000398s ]
INFO: [ action_begin ] --START--
INFO: Run Common\Behaviors\CheckPermissionBehavior [ RunTime:0.000700s ]
INFO: [ action_begin ] --END-- [ RunTime:0.000745s ]
SQL: SHOW COLUMNS FROM `shop_goods` [ RunTime:0.0127s ]
SQL: SHOW COLUMNS FROM `shop_goods_category` [ RunTime:0.0117s ]
SQL: SELECT * FROM `shop_goods_category` ORDER BY lft  [ RunTime:0.0003s ]
SQL: SHOW COLUMNS FROM `shop_brand` [ RunTime:0.0082s ]
SQL: SELECT * FROM `shop_brand` WHERE `status` = 1 ORDER BY sort  [ RunTime:0.0003s ]
INFO: [ view_parse ] --START--
INFO: [ template_filter ] --START--
INFO: Run Behavior\ContentReplaceBehavior [ RunTime:0.000150s ]
INFO: [ template_filter ] --END-- [ RunTime:0.000193s ]
NOTIC: [8] Undefined variable: row E:\www\shop\admin.shop.cn\Application\Runtime\Cache\Admin\346dfcdf6ec8d3c93d33b5eb4f636a21.php 第 29 行.
NOTIC: [8] Undefined variable: row E:\www\shop\admin.shop.cn\Application\Runtime\Cache\Admin\346dfcdf6ec8d3c93d33b5eb4f636a21.php 第 34 行.
NOTIC: [8] Undefined variable: row E:\www\shop\admin.shop.cn\Application\Runtime\Cache\Admin\346dfcdf6ec8d3c93d33b5eb4f636a21.php 第 36 行.
NOTIC: [8] Undefined variable: row E:\www\shop\admin.shop.cn\Application\Runtime\Cache\Admin\346dfcdf6ec8d3c93d33b5eb4f636a21.php 第 36 行.
NOTIC: [8] Undefined variable: row E:\www\shop\admin.shop.cn\Application\Runtime\Cache\Admin\346dfcdf6ec8d3c93d33b5eb4f636a21.php 第 42 行.
NOTIC: [8] Undefined variable: row E:\www\shop\admin.shop.cn\Application\Runtime\Cache\Admin\346dfcdf6ec8d3c93d33b5eb4f636a21.php 第 50 行.
NOTIC: [8] Undefined variable: row E:\www\shop\admin.shop.cn\Application\Runtime\Cache\Admin\346dfcdf6ec8d3c93d33b5eb4f636a21.php 第 56 行.
NOTIC: [8] Undefined variable: row E:\www\shop\admin.shop.cn\Application\Runtime\Cache\Admin\346dfcdf6ec8d3c93d33b5eb4f636a21.php 第 62 行.
NOTIC: [8] Undefined variable: row E:\www\shop\admin.shop.cn\Application\Runtime\Cache\Admin\346dfcdf6ec8d3c93d33b5eb4f636a21.php 第 94 行.
NOTIC: [8] Undefined variable: row E:\www\shop\admin.shop.cn\Application\Runtime\Cache\Admin\346dfcdf6ec8d3c93d33b5eb4f636a21.php 第 115 行.
NOTIC: [8] Undefined variable: row E:\www\shop\admin.shop.cn\Application\Runtime\Cache\Admin\346dfcdf6ec8d3c93d33b5eb4f636a21.php 第 126 行.
NOTIC: [8] Undefined variable: row E:\www\shop\admin.shop.cn\Application\Runtime\Cache\Admin\346dfcdf6ec8d3c93d33b5eb4f636a21.php 第 172 行.
INFO: Run Behavior\ParseTemplateBehavior [ RunTime:0.099662s ]
INFO: [ view_parse ] --END-- [ RunTime:0.099702s ]
INFO: [ view_filter ] --START--
INFO: Run Behavior\WriteHtmlCacheBehavior [ RunTime:0.000307s ]
INFO: [ view_filter ] --END-- [ RunTime:0.000348s ]
INFO: [ app_end ] --START--
INFO: Run Behavior\ShowPageTraceBehavior [ RunTime:0.000536s ]
INFO: [ app_end ] --END-- [ RunTime:0.000581s ]

[ 2016-11-18T19:34:05+08:00 ] 127.0.0.1 /Goods/
INFO: [ app_init ] --START--
INFO: Run Behavior\BuildLiteBehavior [ RunTime:0.000013s ]
INFO: [ app_init ] --END-- [ RunTime:0.000295s ]
INFO: [ app_begin ] --START--
INFO: Run Behavior\ReadHtmlCacheBehavior [ RunTime:0.000381s ]
INFO: [ app_begin ] --END-- [ RunTime:0.000428s ]
INFO: [ action_begin ] --START--
INFO: Run Common\Behaviors\CheckPermissionBehavior [ RunTime:0.001049s ]
INFO: [ action_begin ] --END-- [ RunTime:0.001129s ]
SQL: SHOW COLUMNS FROM `shop_goods` [ RunTime:0.0133s ]
SQL: SELECT COUNT(*) AS tp_count FROM `shop_goods` WHERE `status` = 1 LIMIT 1   [ RunTime:0.0005s ]
NOTIC: [2] Division by zero E:\www\shop\ThinkPHP\Library\Think\Page.class.php 第 84 行.
NOTIC: [8] Undefined index: limit E:\www\shop\ThinkPHP\Library\Think\Db\Driver.class.php 第 961 行.
SQL: SELECT * FROM `shop_goods` WHERE `status` = 1 ORDER BY sort LIMIT 0,20   [ RunTime:0.0003s ]
SQL: SHOW COLUMNS FROM `shop_goods_category` [ RunTime:0.0161s ]
SQL: SELECT * FROM `shop_goods_category` ORDER BY lft  [ RunTime:0.0003s ]
SQL: SHOW COLUMNS FROM `shop_brand` [ RunTime:0.0093s ]
SQL: SELECT * FROM `shop_brand` WHERE `status` = 1 ORDER BY sort  [ RunTime:0.0004s ]
INFO: [ view_parse ] --START--
INFO: [ template_filter ] --START--
INFO: Run Behavior\ContentReplaceBehavior [ RunTime:0.000086s ]
INFO: [ template_filter ] --END-- [ RunTime:0.000133s ]
INFO: Run Behavior\ParseTemplateBehavior [ RunTime:0.007226s ]
INFO: [ view_parse ] --END-- [ RunTime:0.007275s ]
INFO: [ view_filter ] --START--
INFO: Run Behavior\WriteHtmlCacheBehavior [ RunTime:0.000415s ]
INFO: [ view_filter ] --END-- [ RunTime:0.000462s ]
INFO: [ app_end ] --START--
INFO: Run Behavior\ShowPageTraceBehavior [ RunTime:0.000605s ]
INFO: [ app_end ] --END-- [ RunTime:0.000691s ]

[ 2016-11-18T19:34:05+08:00 ] 127.0.0.1 /Goods/
INFO: [ app_init ] --START--
INFO: Run Behavior\BuildLiteBehavior [ RunTime:0.000017s ]
INFO: [ app_init ] --END-- [ RunTime:0.000473s ]
INFO: [ app_begin ] --START--
INFO: Run Behavior\ReadHtmlCacheBehavior [ RunTime:0.000726s ]
INFO: [ app_begin ] --END-- [ RunTime:0.000811s ]
INFO: [ action_begin ] --START--
INFO: Run Common\Behaviors\CheckPermissionBehavior [ RunTime:0.001065s ]
INFO: [ action_begin ] --END-- [ RunTime:0.001151s ]
SQL: SHOW COLUMNS FROM `shop_goods` [ RunTime:0.0112s ]
SQL: SELECT COUNT(*) AS tp_count FROM `shop_goods` WHERE `status` = 1 LIMIT 1   [ RunTime:0.0003s ]
NOTIC: [2] Division by zero E:\www\shop\ThinkPHP\Library\Think\Page.class.php 第 84 行.
NOTIC: [8] Undefined index: limit E:\www\shop\ThinkPHP\Library\Think\Db\Driver.class.php 第 961 行.
SQL: SELECT * FROM `shop_goods` WHERE `status` = 1 ORDER BY sort LIMIT 0,20   [ RunTime:0.0004s ]
SQL: SHOW COLUMNS FROM `shop_goods_category` [ RunTime:0.0149s ]
SQL: SELECT * FROM `shop_goods_category` ORDER BY lft  [ RunTime:0.0002s ]
SQL: SHOW COLUMNS FROM `shop_brand` [ RunTime:0.0074s ]
SQL: SELECT * FROM `shop_brand` WHERE `status` = 1 ORDER BY sort  [ RunTime:0.0003s ]
INFO: [ view_parse ] --START--
INFO: [ template_filter ] --START--
INFO: Run Behavior\ContentReplaceBehavior [ RunTime:0.000133s ]
INFO: [ template_filter ] --END-- [ RunTime:0.000202s ]
INFO: Run Behavior\ParseTemplateBehavior [ RunTime:0.010056s ]
INFO: [ view_parse ] --END-- [ RunTime:0.010120s ]
INFO: [ view_filter ] --START--
INFO: Run Behavior\WriteHtmlCacheBehavior [ RunTime:0.000455s ]
INFO: [ view_filter ] --END-- [ RunTime:0.000495s ]
INFO: [ app_end ] --START--
INFO: Run Behavior\ShowPageTraceBehavior [ RunTime:0.000326s ]
INFO: [ app_end ] --END-- [ RunTime:0.000364s ]

