[ 2016-11-19T00:00:01+08:00 ] 127.0.0.1 /Member/verifyParam.html?username=baidu8
INFO: [ app_init ] --START--
INFO: Run Behavior\BuildLiteBehavior [ RunTime:0.000016s ]
INFO: [ app_init ] --END-- [ RunTime:0.000432s ]
INFO: [ app_begin ] --START--
INFO: Run Behavior\ReadHtmlCacheBehavior [ RunTime:0.000552s ]
INFO: [ app_begin ] --END-- [ RunTime:0.000611s ]
SQL: SHOW COLUMNS FROM `shop_member` [ RunTime:0.0100s ]
SQL: SELECT COUNT(*) AS tp_count FROM `shop_member` WHERE `username` = 'baidu8' LIMIT 1   [ RunTime:0.0003s ]

[ 2016-11-19T00:00:12+08:00 ] 127.0.0.1 /Member/verifyParam.html?email=ucasp%40qq.com
INFO: [ app_init ] --START--
INFO: Run Behavior\BuildLiteBehavior [ RunTime:0.000020s ]
INFO: [ app_init ] --END-- [ RunTime:0.000550s ]
INFO: [ app_begin ] --START--
INFO: Run Behavior\ReadHtmlCacheBehavior [ RunTime:0.000658s ]
INFO: [ app_begin ] --END-- [ RunTime:0.000726s ]
SQL: SHOW COLUMNS FROM `shop_member` [ RunTime:0.0102s ]
SQL: SELECT COUNT(*) AS tp_count FROM `shop_member` WHERE `email` = 'ucasp@qq.com' LIMIT 1   [ RunTime:0.0002s ]

[ 2016-11-19T00:00:33+08:00 ] 127.0.0.1 /Member/verifyParam.html?tel=13333333333
INFO: [ app_init ] --START--
INFO: Run Behavior\BuildLiteBehavior [ RunTime:0.000011s ]
INFO: [ app_init ] --END-- [ RunTime:0.000288s ]
INFO: [ app_begin ] --START--
INFO: Run Behavior\ReadHtmlCacheBehavior [ RunTime:0.000361s ]
INFO: [ app_begin ] --END-- [ RunTime:0.000400s ]
SQL: SHOW COLUMNS FROM `shop_member` [ RunTime:0.0107s ]
SQL: SELECT COUNT(*) AS tp_count FROM `shop_member` WHERE `tel` = '13333333333' LIMIT 1   [ RunTime:0.0003s ]

[ 2016-11-19T00:01:03+08:00 ] 127.0.0.1 /Member/verifyParam.html?tel=13333333332
INFO: [ app_init ] --START--
INFO: Run Behavior\BuildLiteBehavior [ RunTime:0.000022s ]
INFO: [ app_init ] --END-- [ RunTime:0.000606s ]
INFO: [ app_begin ] --START--
INFO: Run Behavior\ReadHtmlCacheBehavior [ RunTime:0.000838s ]
INFO: [ app_begin ] --END-- [ RunTime:0.000924s ]
SQL: SHOW COLUMNS FROM `shop_member` [ RunTime:0.0134s ]
SQL: SELECT COUNT(*) AS tp_count FROM `shop_member` WHERE `tel` = '13333333332' LIMIT 1   [ RunTime:0.0003s ]

[ 2016-11-19T00:01:05+08:00 ] 127.0.0.1 /Member/register.html
INFO: [ app_init ] --START--
INFO: Run Behavior\BuildLiteBehavior [ RunTime:0.000011s ]
INFO: [ app_init ] --END-- [ RunTime:0.000282s ]
INFO: [ app_begin ] --START--
INFO: Run Behavior\ReadHtmlCacheBehavior [ RunTime:0.000351s ]
INFO: [ app_begin ] --END-- [ RunTime:0.000391s ]
SQL: SHOW COLUMNS FROM `shop_member` [ RunTime:0.0118s ]
NOTIC: [8] Undefined index: validate E:\www\shop\ThinkPHP\Library\Think\Model.class.php 第 1185 行.
SQL: SELECT * FROM `shop_member` WHERE `username` = 'baidu8' LIMIT 1   [ RunTime:0.0003s ]
SQL: SELECT * FROM `shop_member` WHERE `email` = 'ucasp@qq.com' LIMIT 1   [ RunTime:0.0002s ]
NOTIC: [8] Undefined index: auto E:\www\shop\ThinkPHP\Library\Think\Model.class.php 第 1128 行.
SQL: INSERT INTO `shop_member` (`username`,`password`,`email`,`tel`,`add_time`,`salt`,`token`,`active_token`) VALUES ('baidu8','cb61128dfa2e010ff95aea796116b440','ucasp@qq.com','13333333332','1479484865','XLyaYC','wADSUQiHtDqNyWLGvugoTIFleYKssvoA','wADSUQiHtDqNyWLGvugoTIFleYKssvoA') [ RunTime:0.0384s ]
NOTIC: [8] Undefined index: email E:\www\shop\www.shop.cn\Application\Home\Model\MemberModel.class.php 第 104 行.
INFO: [ view_parse ] --START--
INFO: [ template_filter ] --START--
INFO: Run Behavior\ContentReplaceBehavior [ RunTime:0.000040s ]
INFO: [ template_filter ] --END-- [ RunTime:0.000076s ]
INFO: Run Behavior\ParseTemplateBehavior [ RunTime:0.005221s ]
INFO: [ view_parse ] --END-- [ RunTime:0.005269s ]
INFO: [ view_filter ] --START--
INFO: Run Behavior\WriteHtmlCacheBehavior [ RunTime:0.000364s ]
INFO: [ view_filter ] --END-- [ RunTime:0.000394s ]
INFO: [ app_end ] --START--
INFO: Run Behavior\ShowPageTraceBehavior [ RunTime:0.000460s ]
INFO: [ app_end ] --END-- [ RunTime:0.000498s ]

[ 2016-11-19T00:01:06+08:00 ] 127.0.0.1 /Member/login.html
INFO: [ app_init ] --START--
INFO: Run Behavior\BuildLiteBehavior [ RunTime:0.000018s ]
INFO: [ app_init ] --END-- [ RunTime:0.000543s ]
INFO: [ app_begin ] --START--
INFO: Run Behavior\ReadHtmlCacheBehavior [ RunTime:0.000781s ]
INFO: [ app_begin ] --END-- [ RunTime:0.000853s ]
SQL: SHOW COLUMNS FROM `shop_member` [ RunTime:0.0107s ]
INFO: [ view_parse ] --START--
INFO: [ template_filter ] --START--
INFO: Run Behavior\ContentReplaceBehavior [ RunTime:0.000061s ]
INFO: [ template_filter ] --END-- [ RunTime:0.000106s ]
NOTIC: [8] Undefined variable: title E:\www\shop\www.shop.cn\Application\Runtime\Cache\Home\c4e9b6f7cdab83725c9facfcc5440efe.php 第 5 行.
INFO: Run Behavior\ParseTemplateBehavior [ RunTime:0.016660s ]
INFO: [ view_parse ] --END-- [ RunTime:0.016703s ]
INFO: [ view_filter ] --START--
INFO: Run Behavior\WriteHtmlCacheBehavior [ RunTime:0.000303s ]
INFO: [ view_filter ] --END-- [ RunTime:0.000343s ]
INFO: [ app_end ] --START--
INFO: Run Behavior\ShowPageTraceBehavior [ RunTime:0.000453s ]
INFO: [ app_end ] --END-- [ RunTime:0.000484s ]

[ 2016-11-19T00:01:06+08:00 ] 127.0.0.1 /Member/images/checkcode1.jpg
INFO: [ app_init ] --START--
INFO: Run Behavior\BuildLiteBehavior [ RunTime:0.000017s ]
INFO: [ app_init ] --END-- [ RunTime:0.000466s ]

[ 2016-11-19T00:03:23+08:00 ] 127.0.0.1 /Member/register.html
INFO: [ app_init ] --START--
INFO: Run Behavior\BuildLiteBehavior [ RunTime:0.000011s ]
INFO: [ app_init ] --END-- [ RunTime:0.000317s ]
INFO: [ app_begin ] --START--
INFO: Run Behavior\ReadHtmlCacheBehavior [ RunTime:0.000487s ]
INFO: [ app_begin ] --END-- [ RunTime:0.000529s ]
SQL: SHOW COLUMNS FROM `shop_member` [ RunTime:0.0121s ]
INFO: [ view_parse ] --START--
INFO: [ template_filter ] --START--
INFO: Run Behavior\ContentReplaceBehavior [ RunTime:0.000114s ]
INFO: [ template_filter ] --END-- [ RunTime:0.000165s ]
INFO: Run Behavior\ParseTemplateBehavior [ RunTime:0.036401s ]
INFO: [ view_parse ] --END-- [ RunTime:0.036459s ]
INFO: [ view_filter ] --START--
INFO: Run Behavior\WriteHtmlCacheBehavior [ RunTime:0.000285s ]
INFO: [ view_filter ] --END-- [ RunTime:0.000314s ]
INFO: [ app_end ] --START--
INFO: Run Behavior\ShowPageTraceBehavior [ RunTime:0.000694s ]
INFO: [ app_end ] --END-- [ RunTime:0.000758s ]

[ 2016-11-19T00:03:23+08:00 ] 127.0.0.1 /Captcha/code.html
INFO: [ app_init ] --START--
INFO: Run Behavior\BuildLiteBehavior [ RunTime:0.000019s ]
INFO: [ app_init ] --END-- [ RunTime:0.000520s ]
INFO: [ app_begin ] --START--
INFO: Run Behavior\ReadHtmlCacheBehavior [ RunTime:0.000858s ]
INFO: [ app_begin ] --END-- [ RunTime:0.000976s ]
INFO: [ app_end ] --START--
INFO: Run Behavior\ShowPageTraceBehavior [ RunTime:0.000973s ]
INFO: [ app_end ] --END-- [ RunTime:0.001088s ]

[ 2016-11-19T00:04:14+08:00 ] 127.0.0.1 /Member/register.html
INFO: [ app_init ] --START--
INFO: Run Behavior\BuildLiteBehavior [ RunTime:0.000011s ]
INFO: [ app_init ] --END-- [ RunTime:0.000335s ]
INFO: [ app_begin ] --START--
INFO: Run Behavior\ReadHtmlCacheBehavior [ RunTime:0.000471s ]
INFO: [ app_begin ] --END-- [ RunTime:0.000514s ]
SQL: SHOW COLUMNS FROM `shop_member` [ RunTime:0.0122s ]
NOTIC: [8] Undefined index: validate E:\www\shop\ThinkPHP\Library\Think\Model.class.php 第 1185 行.
SQL: SELECT * FROM `shop_member` WHERE `username` = 'baidu8' LIMIT 1   [ RunTime:0.0003s ]
SQL: SELECT * FROM `shop_member` WHERE `email` = 'ucasp@qq.com' LIMIT 1   [ RunTime:0.0002s ]
INFO: [ view_parse ] --START--
INFO: [ template_filter ] --START--
INFO: Run Behavior\ContentReplaceBehavior [ RunTime:0.000040s ]
INFO: [ template_filter ] --END-- [ RunTime:0.000079s ]
INFO: Run Behavior\ParseTemplateBehavior [ RunTime:0.005097s ]
INFO: [ view_parse ] --END-- [ RunTime:0.005144s ]
INFO: [ view_filter ] --START--
INFO: Run Behavior\WriteHtmlCacheBehavior [ RunTime:0.000248s ]
INFO: [ view_filter ] --END-- [ RunTime:0.000277s ]

[ 2016-11-19T00:04:16+08:00 ] 127.0.0.1 /Member/register.html
INFO: [ app_init ] --START--
INFO: Run Behavior\BuildLiteBehavior [ RunTime:0.000011s ]
INFO: [ app_init ] --END-- [ RunTime:0.000324s ]
INFO: [ app_begin ] --START--
INFO: Run Behavior\ReadHtmlCacheBehavior [ RunTime:0.000510s ]
INFO: [ app_begin ] --END-- [ RunTime:0.000552s ]
SQL: SHOW COLUMNS FROM `shop_member` [ RunTime:0.0122s ]
INFO: [ view_parse ] --START--
INFO: [ template_filter ] --START--
INFO: Run Behavior\ContentReplaceBehavior [ RunTime:0.000109s ]
INFO: [ template_filter ] --END-- [ RunTime:0.000155s ]
INFO: Run Behavior\ParseTemplateBehavior [ RunTime:0.035106s ]
INFO: [ view_parse ] --END-- [ RunTime:0.035166s ]
INFO: [ view_filter ] --START--
INFO: Run Behavior\WriteHtmlCacheBehavior [ RunTime:0.000329s ]
INFO: [ view_filter ] --END-- [ RunTime:0.000364s ]
INFO: [ app_end ] --START--
INFO: Run Behavior\ShowPageTraceBehavior [ RunTime:0.000688s ]
INFO: [ app_end ] --END-- [ RunTime:0.000752s ]

[ 2016-11-19T00:04:42+08:00 ] 127.0.0.1 /Member/register.html
INFO: [ app_init ] --START--
INFO: Run Behavior\BuildLiteBehavior [ RunTime:0.000012s ]
INFO: [ app_init ] --END-- [ RunTime:0.000329s ]
INFO: [ app_begin ] --START--
INFO: Run Behavior\ReadHtmlCacheBehavior [ RunTime:0.000477s ]
INFO: [ app_begin ] --END-- [ RunTime:0.000525s ]
SQL: SHOW COLUMNS FROM `shop_member` [ RunTime:0.0120s ]
NOTIC: [8] Undefined index: validate E:\www\shop\ThinkPHP\Library\Think\Model.class.php 第 1185 行.
NOTIC: [8] Undefined index: auto E:\www\shop\ThinkPHP\Library\Think\Model.class.php 第 1128 行.
ERR: 1062:Duplicate entry 'baidu8' for key 'username'
 [ SQL语句 ] : INSERT INTO `shop_member` (`username`,`password`,`email`,`tel`,`add_time`,`salt`,`token`,`active_token`) VALUES ('baidu8','238ab62b6348a331dc3d29d30c4375a5','ucasp@qq.com','','1479485082','kXhVUi','AmwsvGjwJHcjcoJIPjvArHmfkKpyyuXt','AmwsvGjwJHcjcoJIPjvArHmfkKpyyuXt')
ERR: 1062:Duplicate entry 'baidu8' for key 'username'
 [ SQL语句 ] : INSERT INTO `shop_member` (`username`,`password`,`email`,`tel`,`add_time`,`salt`,`token`,`active_token`) VALUES ('baidu8','238ab62b6348a331dc3d29d30c4375a5','ucasp@qq.com','','1479485082','kXhVUi','AmwsvGjwJHcjcoJIPjvArHmfkKpyyuXt','AmwsvGjwJHcjcoJIPjvArHmfkKpyyuXt')

[ 2016-11-19T00:05:17+08:00 ] 127.0.0.1 /Member/register.html
INFO: [ app_init ] --START--
INFO: Run Behavior\BuildLiteBehavior [ RunTime:0.000010s ]
INFO: [ app_init ] --END-- [ RunTime:0.000312s ]
INFO: [ app_begin ] --START--
INFO: Run Behavior\ReadHtmlCacheBehavior [ RunTime:0.000492s ]
INFO: [ app_begin ] --END-- [ RunTime:0.000539s ]
SQL: SHOW COLUMNS FROM `shop_member` [ RunTime:0.0111s ]
NOTIC: [8] Undefined index: validate E:\www\shop\ThinkPHP\Library\Think\Model.class.php 第 1185 行.
NOTIC: [8] Undefined index: auto E:\www\shop\ThinkPHP\Library\Think\Model.class.php 第 1128 行.
INFO: [ view_parse ] --START--
INFO: [ template_filter ] --START--
INFO: Run Behavior\ContentReplaceBehavior [ RunTime:0.000071s ]
INFO: [ template_filter ] --END-- [ RunTime:0.000133s ]
INFO: Run Behavior\ParseTemplateBehavior [ RunTime:0.005009s ]
INFO: [ view_parse ] --END-- [ RunTime:0.005066s ]
INFO: [ view_filter ] --START--
INFO: Run Behavior\WriteHtmlCacheBehavior [ RunTime:0.000271s ]
INFO: [ view_filter ] --END-- [ RunTime:0.000298s ]
INFO: [ app_end ] --START--
INFO: Run Behavior\ShowPageTraceBehavior [ RunTime:0.000463s ]
INFO: [ app_end ] --END-- [ RunTime:0.000490s ]

[ 2016-11-19T00:05:18+08:00 ] 127.0.0.1 /Member/login.html
INFO: [ app_init ] --START--
INFO: Run Behavior\BuildLiteBehavior [ RunTime:0.000020s ]
INFO: [ app_init ] --END-- [ RunTime:0.000573s ]
INFO: [ app_begin ] --START--
INFO: Run Behavior\ReadHtmlCacheBehavior [ RunTime:0.000880s ]
INFO: [ app_begin ] --END-- [ RunTime:0.000964s ]
SQL: SHOW COLUMNS FROM `shop_member` [ RunTime:0.0125s ]
INFO: [ view_parse ] --START--
INFO: [ template_filter ] --START--
INFO: Run Behavior\ContentReplaceBehavior [ RunTime:0.000141s ]
INFO: [ template_filter ] --END-- [ RunTime:0.000233s ]
NOTIC: [8] Undefined variable: title E:\www\shop\www.shop.cn\Application\Runtime\Cache\Home\c4e9b6f7cdab83725c9facfcc5440efe.php 第 5 行.
INFO: Run Behavior\ParseTemplateBehavior [ RunTime:0.019592s ]
INFO: [ view_parse ] --END-- [ RunTime:0.019636s ]
INFO: [ view_filter ] --START--
INFO: Run Behavior\WriteHtmlCacheBehavior [ RunTime:0.000261s ]
INFO: [ view_filter ] --END-- [ RunTime:0.000288s ]
INFO: [ app_end ] --START--
INFO: Run Behavior\ShowPageTraceBehavior [ RunTime:0.000432s ]
INFO: [ app_end ] --END-- [ RunTime:0.000466s ]

[ 2016-11-19T00:05:18+08:00 ] 127.0.0.1 /Member/images/checkcode1.jpg
INFO: [ app_init ] --START--
INFO: Run Behavior\BuildLiteBehavior [ RunTime:0.000017s ]
INFO: [ app_init ] --END-- [ RunTime:0.000549s ]

[ 2016-11-19T00:05:56+08:00 ] 127.0.0.1 /Member/register.html
INFO: [ app_init ] --START--
INFO: Run Behavior\BuildLiteBehavior [ RunTime:0.000020s ]
INFO: [ app_init ] --END-- [ RunTime:0.000391s ]
INFO: [ app_begin ] --START--
INFO: Run Behavior\ReadHtmlCacheBehavior [ RunTime:0.000565s ]
INFO: [ app_begin ] --END-- [ RunTime:0.000640s ]
SQL: SHOW COLUMNS FROM `shop_member` [ RunTime:0.0114s ]
INFO: [ view_parse ] --START--
INFO: [ template_filter ] --START--
INFO: Run Behavior\ContentReplaceBehavior [ RunTime:0.000177s ]
INFO: [ template_filter ] --END-- [ RunTime:0.000248s ]
INFO: Run Behavior\ParseTemplateBehavior [ RunTime:0.035398s ]
INFO: [ view_parse ] --END-- [ RunTime:0.035470s ]
INFO: [ view_filter ] --START--
INFO: Run Behavior\WriteHtmlCacheBehavior [ RunTime:0.000399s ]
INFO: [ view_filter ] --END-- [ RunTime:0.000455s ]
INFO: [ app_end ] --START--
INFO: Run Behavior\ShowPageTraceBehavior [ RunTime:0.001027s ]
INFO: [ app_end ] --END-- [ RunTime:0.001096s ]

[ 2016-11-19T00:05:57+08:00 ] 127.0.0.1 /Captcha/code.html
INFO: [ app_init ] --START--
INFO: Run Behavior\BuildLiteBehavior [ RunTime:0.000019s ]
INFO: [ app_init ] --END-- [ RunTime:0.000498s ]
INFO: [ app_begin ] --START--
INFO: Run Behavior\ReadHtmlCacheBehavior [ RunTime:0.000746s ]
INFO: [ app_begin ] --END-- [ RunTime:0.000822s ]
INFO: [ app_end ] --START--
INFO: Run Behavior\ShowPageTraceBehavior [ RunTime:0.000770s ]
INFO: [ app_end ] --END-- [ RunTime:0.000859s ]

[ 2016-11-19T00:06:08+08:00 ] 127.0.0.1 /Member/register.html
INFO: [ app_init ] --START--
INFO: Run Behavior\BuildLiteBehavior [ RunTime:0.000009s ]
INFO: [ app_init ] --END-- [ RunTime:0.000263s ]
INFO: [ app_begin ] --START--
INFO: Run Behavior\ReadHtmlCacheBehavior [ RunTime:0.000496s ]
INFO: [ app_begin ] --END-- [ RunTime:0.000536s ]
SQL: SHOW COLUMNS FROM `shop_member` [ RunTime:0.0130s ]
NOTIC: [8] Undefined index: validate E:\www\shop\ThinkPHP\Library\Think\Model.class.php 第 1185 行.
NOTIC: [8] Undefined index: auto E:\www\shop\ThinkPHP\Library\Think\Model.class.php 第 1128 行.

[ 2016-11-19T00:06:45+08:00 ] 127.0.0.1 /Member/register.html
INFO: [ app_init ] --START--
INFO: Run Behavior\BuildLiteBehavior [ RunTime:0.000013s ]
INFO: [ app_init ] --END-- [ RunTime:0.000327s ]
INFO: [ app_begin ] --START--
INFO: Run Behavior\ReadHtmlCacheBehavior [ RunTime:0.000492s ]
INFO: [ app_begin ] --END-- [ RunTime:0.000534s ]
SQL: SHOW COLUMNS FROM `shop_member` [ RunTime:0.0128s ]
NOTIC: [8] Undefined index: validate E:\www\shop\ThinkPHP\Library\Think\Model.class.php 第 1185 行.
NOTIC: [8] Undefined index: auto E:\www\shop\ThinkPHP\Library\Think\Model.class.php 第 1128 行.

[ 2016-11-19T00:12:17+08:00 ] 127.0.0.1 /
INFO: [ app_init ] --START--
INFO: Run Behavior\BuildLiteBehavior [ RunTime:0.000009s ]
INFO: [ app_init ] --END-- [ RunTime:0.000290s ]
INFO: [ app_begin ] --START--
INFO: Run Behavior\ReadHtmlCacheBehavior [ RunTime:0.000440s ]
INFO: [ app_begin ] --END-- [ RunTime:0.000477s ]
INFO: [ app_end ] --START--
INFO: Run Behavior\ShowPageTraceBehavior [ RunTime:0.000357s ]
INFO: [ app_end ] --END-- [ RunTime:0.000403s ]

[ 2016-11-19T00:12:18+08:00 ] 127.0.0.1 /
INFO: [ app_init ] --START--
INFO: Run Behavior\BuildLiteBehavior [ RunTime:0.000013s ]
INFO: [ app_init ] --END-- [ RunTime:0.000336s ]
INFO: [ app_begin ] --START--
INFO: Run Behavior\ReadHtmlCacheBehavior [ RunTime:0.000601s ]
INFO: [ app_begin ] --END-- [ RunTime:0.000655s ]
INFO: [ app_end ] --START--
INFO: Run Behavior\ShowPageTraceBehavior [ RunTime:0.000369s ]
INFO: [ app_end ] --END-- [ RunTime:0.000410s ]

[ 2016-11-19T00:12:19+08:00 ] 127.0.0.1 /
INFO: [ app_init ] --START--
INFO: Run Behavior\BuildLiteBehavior [ RunTime:0.000010s ]
INFO: [ app_init ] --END-- [ RunTime:0.000278s ]
INFO: [ app_begin ] --START--
INFO: Run Behavior\ReadHtmlCacheBehavior [ RunTime:0.000349s ]
INFO: [ app_begin ] --END-- [ RunTime:0.000390s ]
INFO: [ app_end ] --START--
INFO: Run Behavior\ShowPageTraceBehavior [ RunTime:0.000359s ]
INFO: [ app_end ] --END-- [ RunTime:0.000417s ]

[ 2016-11-19T00:12:20+08:00 ] 127.0.0.1 /
INFO: [ app_init ] --START--
INFO: Run Behavior\BuildLiteBehavior [ RunTime:0.000009s ]
INFO: [ app_init ] --END-- [ RunTime:0.000230s ]
INFO: [ app_begin ] --START--
INFO: Run Behavior\ReadHtmlCacheBehavior [ RunTime:0.000283s ]
INFO: [ app_begin ] --END-- [ RunTime:0.000315s ]
INFO: [ app_end ] --START--
INFO: Run Behavior\ShowPageTraceBehavior [ RunTime:0.000295s ]
INFO: [ app_end ] --END-- [ RunTime:0.000328s ]

[ 2016-11-19T00:12:20+08:00 ] 127.0.0.1 /
INFO: [ app_init ] --START--
INFO: Run Behavior\BuildLiteBehavior [ RunTime:0.000009s ]
INFO: [ app_init ] --END-- [ RunTime:0.000232s ]
INFO: [ app_begin ] --START--
INFO: Run Behavior\ReadHtmlCacheBehavior [ RunTime:0.000299s ]
INFO: [ app_begin ] --END-- [ RunTime:0.000333s ]
INFO: [ app_end ] --START--
INFO: Run Behavior\ShowPageTraceBehavior [ RunTime:0.000298s ]
INFO: [ app_end ] --END-- [ RunTime:0.000331s ]

[ 2016-11-19T00:12:48+08:00 ] 127.0.0.1 /
INFO: [ app_init ] --START--
INFO: Run Behavior\BuildLiteBehavior [ RunTime:0.000011s ]
INFO: [ app_init ] --END-- [ RunTime:0.000317s ]
INFO: [ app_begin ] --START--
INFO: Run Behavior\ReadHtmlCacheBehavior [ RunTime:0.000432s ]
INFO: [ app_begin ] --END-- [ RunTime:0.000472s ]
INFO: [ app_end ] --START--
INFO: Run Behavior\ShowPageTraceBehavior [ RunTime:0.000802s ]
INFO: [ app_end ] --END-- [ RunTime:0.000962s ]

[ 2016-11-19T00:13:10+08:00 ] 127.0.0.1 /member/register
INFO: [ app_init ] --START--
INFO: Run Behavior\BuildLiteBehavior [ RunTime:0.000012s ]
INFO: [ app_init ] --END-- [ RunTime:0.000284s ]
INFO: [ app_begin ] --START--
INFO: Run Behavior\ReadHtmlCacheBehavior [ RunTime:0.000353s ]
INFO: [ app_begin ] --END-- [ RunTime:0.000394s ]
SQL: SHOW COLUMNS FROM `shop_member` [ RunTime:0.0121s ]
INFO: [ view_parse ] --START--
INFO: [ template_filter ] --START--
INFO: Run Behavior\ContentReplaceBehavior [ RunTime:0.000143s ]
INFO: [ template_filter ] --END-- [ RunTime:0.000212s ]
INFO: Run Behavior\ParseTemplateBehavior [ RunTime:0.368601s ]
INFO: [ view_parse ] --END-- [ RunTime:0.368681s ]
INFO: [ view_filter ] --START--
INFO: Run Behavior\WriteHtmlCacheBehavior [ RunTime:0.000491s ]
INFO: [ view_filter ] --END-- [ RunTime:0.000570s ]
INFO: [ app_end ] --START--
INFO: Run Behavior\ShowPageTraceBehavior [ RunTime:0.000983s ]
INFO: [ app_end ] --END-- [ RunTime:0.001106s ]

[ 2016-11-19T00:13:10+08:00 ] 127.0.0.1 /Captcha/code.html
INFO: [ app_init ] --START--
INFO: Run Behavior\BuildLiteBehavior [ RunTime:0.000012s ]
INFO: [ app_init ] --END-- [ RunTime:0.000359s ]
INFO: [ app_begin ] --START--
INFO: Run Behavior\ReadHtmlCacheBehavior [ RunTime:0.000532s ]
INFO: [ app_begin ] --END-- [ RunTime:0.000603s ]
INFO: [ app_end ] --START--
INFO: Run Behavior\ShowPageTraceBehavior [ RunTime:0.000681s ]
INFO: [ app_end ] --END-- [ RunTime:0.000779s ]

[ 2016-11-19T00:13:22+08:00 ] 127.0.0.1 /Member/register.html
INFO: [ app_init ] --START--
INFO: Run Behavior\BuildLiteBehavior [ RunTime:0.000011s ]
INFO: [ app_init ] --END-- [ RunTime:0.000277s ]
INFO: [ app_begin ] --START--
INFO: Run Behavior\ReadHtmlCacheBehavior [ RunTime:0.000343s ]
INFO: [ app_begin ] --END-- [ RunTime:0.000384s ]
SQL: SHOW COLUMNS FROM `shop_member` [ RunTime:0.0116s ]
NOTIC: [8] Undefined index: validate E:\www\shop\ThinkPHP\Library\Think\Model.class.php 第 1185 行.
NOTIC: [8] Undefined index: auto E:\www\shop\ThinkPHP\Library\Think\Model.class.php 第 1128 行.
ERR: 1062:Duplicate entry 'baidu8' for key 'username'
 [ SQL语句 ] : INSERT INTO `shop_member` (`username`,`password`,`email`,`tel`,`add_time`,`salt`,`token`,`active_token`) VALUES ('baidu8','e8bdc603fcba27618234466412f7b9a4','ucasp@qq.com','','1479485602','KJVQLu','YCaIGqXKMUzctLyfqARIScTbALRrXvDP','YCaIGqXKMUzctLyfqARIScTbALRrXvDP')
ERR: 1062:Duplicate entry 'baidu8' for key 'username'
 [ SQL语句 ] : INSERT INTO `shop_member` (`username`,`password`,`email`,`tel`,`add_time`,`salt`,`token`,`active_token`) VALUES ('baidu8','e8bdc603fcba27618234466412f7b9a4','ucasp@qq.com','','1479485602','KJVQLu','YCaIGqXKMUzctLyfqARIScTbALRrXvDP','YCaIGqXKMUzctLyfqARIScTbALRrXvDP')

[ 2016-11-19T00:14:07+08:00 ] 127.0.0.1 /Member/register.html
INFO: [ app_init ] --START--
INFO: Run Behavior\BuildLiteBehavior [ RunTime:0.000010s ]
INFO: [ app_init ] --END-- [ RunTime:0.000280s ]
INFO: [ app_begin ] --START--
INFO: Run Behavior\ReadHtmlCacheBehavior [ RunTime:0.000343s ]
INFO: [ app_begin ] --END-- [ RunTime:0.000384s ]
SQL: SHOW COLUMNS FROM `shop_member` [ RunTime:0.0117s ]
NOTIC: [8] Undefined index: validate E:\www\shop\ThinkPHP\Library\Think\Model.class.php 第 1185 行.
NOTIC: [8] Undefined index: auto E:\www\shop\ThinkPHP\Library\Think\Model.class.php 第 1128 行.
INFO: [ view_parse ] --START--
INFO: [ template_filter ] --START--
INFO: Run Behavior\ContentReplaceBehavior [ RunTime:0.000138s ]
INFO: [ template_filter ] --END-- [ RunTime:0.000283s ]
INFO: Run Behavior\ParseTemplateBehavior [ RunTime:0.022371s ]
INFO: [ view_parse ] --END-- [ RunTime:0.022570s ]
INFO: [ view_filter ] --START--
INFO: Run Behavior\WriteHtmlCacheBehavior [ RunTime:0.001271s ]
INFO: [ view_filter ] --END-- [ RunTime:0.001381s ]
INFO: [ app_end ] --START--
INFO: Run Behavior\ShowPageTraceBehavior [ RunTime:0.001946s ]
INFO: [ app_end ] --END-- [ RunTime:0.002063s ]

[ 2016-11-19T00:14:09+08:00 ] 127.0.0.1 /Member/login.html
INFO: [ app_init ] --START--
INFO: Run Behavior\BuildLiteBehavior [ RunTime:0.000018s ]
INFO: [ app_init ] --END-- [ RunTime:0.000659s ]
INFO: [ app_begin ] --START--
INFO: Run Behavior\ReadHtmlCacheBehavior [ RunTime:0.000716s ]
INFO: [ app_begin ] --END-- [ RunTime:0.000777s ]
SQL: SHOW COLUMNS FROM `shop_member` [ RunTime:0.0142s ]
INFO: [ view_parse ] --START--
INFO: [ template_filter ] --START--
INFO: Run Behavior\ContentReplaceBehavior [ RunTime:0.000062s ]
INFO: [ template_filter ] --END-- [ RunTime:0.000103s ]
NOTIC: [8] Undefined variable: title E:\www\shop\www.shop.cn\Application\Runtime\Cache\Home\c4e9b6f7cdab83725c9facfcc5440efe.php 第 5 行.
INFO: Run Behavior\ParseTemplateBehavior [ RunTime:0.042037s ]
INFO: [ view_parse ] --END-- [ RunTime:0.042080s ]
INFO: [ view_filter ] --START--
INFO: Run Behavior\WriteHtmlCacheBehavior [ RunTime:0.000339s ]
INFO: [ view_filter ] --END-- [ RunTime:0.000369s ]
INFO: [ app_end ] --START--
INFO: Run Behavior\ShowPageTraceBehavior [ RunTime:0.000650s ]
INFO: [ app_end ] --END-- [ RunTime:0.000687s ]

[ 2016-11-19T00:14:09+08:00 ] 127.0.0.1 /Member/images/checkcode1.jpg
INFO: [ app_init ] --START--
INFO: Run Behavior\BuildLiteBehavior [ RunTime:0.000011s ]
INFO: [ app_init ] --END-- [ RunTime:0.000358s ]

[ 2016-11-19T00:19:57+08:00 ] 127.0.0.1 /Member/active/token/CFsWDuhdPOWTRmFioQTMckGtfQdjwTlJ/email/ucasp%40qq.com
INFO: [ app_init ] --START--
INFO: Run Behavior\BuildLiteBehavior [ RunTime:0.000012s ]
INFO: [ app_init ] --END-- [ RunTime:0.000297s ]
INFO: [ app_begin ] --START--
INFO: Run Behavior\ReadHtmlCacheBehavior [ RunTime:0.000709s ]
INFO: [ app_begin ] --END-- [ RunTime:0.000758s ]
SQL: SHOW COLUMNS FROM `shop_member` [ RunTime:0.0135s ]
ERR: 参数错误或者未定义:address

[ 2016-11-19T00:20:14+08:00 ] 127.0.0.1 /Member/active/token/CFsWDuhdPOWTRmFioQTMckGtfQdjwTlJ/email/ucasp%40qq.com
INFO: [ app_init ] --START--
INFO: Run Behavior\BuildLiteBehavior [ RunTime:0.000015s ]
INFO: [ app_init ] --END-- [ RunTime:0.000425s ]
INFO: [ app_begin ] --START--
INFO: Run Behavior\ReadHtmlCacheBehavior [ RunTime:0.000494s ]
INFO: [ app_begin ] --END-- [ RunTime:0.000537s ]
SQL: SHOW COLUMNS FROM `shop_member` [ RunTime:0.0147s ]
NOTIC: [8] Undefined variable: address E:\www\shop\www.shop.cn\Application\Home\Controller\MemberController.class.php 第 45 行.
SQL: UPDATE `shop_member` SET `status`='1' WHERE `active_token` = 'CFsWDuhdPOWTRmFioQTMckGtfQdjwTlJ' AND `email` = null AND `status` = 0 [ RunTime:0.0002s ]
INFO: [ view_parse ] --START--
INFO: [ template_filter ] --START--
INFO: Run Behavior\ContentReplaceBehavior [ RunTime:0.000065s ]
INFO: [ template_filter ] --END-- [ RunTime:0.000120s ]
INFO: Run Behavior\ParseTemplateBehavior [ RunTime:0.006612s ]
INFO: [ view_parse ] --END-- [ RunTime:0.006657s ]
INFO: [ view_filter ] --START--
INFO: Run Behavior\WriteHtmlCacheBehavior [ RunTime:0.000319s ]
INFO: [ view_filter ] --END-- [ RunTime:0.000347s ]
INFO: [ app_end ] --START--
INFO: Run Behavior\ShowPageTraceBehavior [ RunTime:0.000474s ]
INFO: [ app_end ] --END-- [ RunTime:0.000506s ]

[ 2016-11-19T00:20:15+08:00 ] 127.0.0.1 /Member/login.html
INFO: [ app_init ] --START--
INFO: Run Behavior\BuildLiteBehavior [ RunTime:0.000012s ]
INFO: [ app_init ] --END-- [ RunTime:0.000511s ]
INFO: [ app_begin ] --START--
INFO: Run Behavior\ReadHtmlCacheBehavior [ RunTime:0.000667s ]
INFO: [ app_begin ] --END-- [ RunTime:0.000772s ]
SQL: SHOW COLUMNS FROM `shop_member` [ RunTime:0.0119s ]
INFO: [ view_parse ] --START--
INFO: [ template_filter ] --START--
INFO: Run Behavior\ContentReplaceBehavior [ RunTime:0.000064s ]
INFO: [ template_filter ] --END-- [ RunTime:0.000106s ]
NOTIC: [8] Undefined variable: title E:\www\shop\www.shop.cn\Application\Runtime\Cache\Home\c4e9b6f7cdab83725c9facfcc5440efe.php 第 5 行.
INFO: Run Behavior\ParseTemplateBehavior [ RunTime:0.017093s ]
INFO: [ view_parse ] --END-- [ RunTime:0.017138s ]
INFO: [ view_filter ] --START--
INFO: Run Behavior\WriteHtmlCacheBehavior [ RunTime:0.000361s ]
INFO: [ view_filter ] --END-- [ RunTime:0.000394s ]
INFO: [ app_end ] --START--
INFO: Run Behavior\ShowPageTraceBehavior [ RunTime:0.000488s ]
INFO: [ app_end ] --END-- [ RunTime:0.000520s ]

[ 2016-11-19T00:20:15+08:00 ] 127.0.0.1 /Member/images/checkcode1.jpg
INFO: [ app_init ] --START--
INFO: Run Behavior\BuildLiteBehavior [ RunTime:0.000017s ]
INFO: [ app_init ] --END-- [ RunTime:0.000479s ]

[ 2016-11-19T00:21:14+08:00 ] 127.0.0.1 /Member/active/token/CFsWDuhdPOWTRmFioQTMckGtfQdjwTlJ/email/ucasp%40qq.com
INFO: [ app_init ] --START--
INFO: Run Behavior\BuildLiteBehavior [ RunTime:0.000014s ]
INFO: [ app_init ] --END-- [ RunTime:0.000396s ]
INFO: [ app_begin ] --START--
INFO: Run Behavior\ReadHtmlCacheBehavior [ RunTime:0.000767s ]
INFO: [ app_begin ] --END-- [ RunTime:0.000830s ]
SQL: SHOW COLUMNS FROM `shop_member` [ RunTime:0.0130s ]
SQL: UPDATE `shop_member` SET `status`='1' WHERE `active_token` = 'CFsWDuhdPOWTRmFioQTMckGtfQdjwTlJ' AND `email` = 'ucasp@qq.com' AND `status` = 0 [ RunTime:0.0003s ]
INFO: [ view_parse ] --START--
INFO: [ template_filter ] --START--
INFO: Run Behavior\ContentReplaceBehavior [ RunTime:0.000042s ]
INFO: [ template_filter ] --END-- [ RunTime:0.000080s ]
INFO: Run Behavior\ParseTemplateBehavior [ RunTime:0.004771s ]
INFO: [ view_parse ] --END-- [ RunTime:0.004827s ]
INFO: [ view_filter ] --START--
INFO: Run Behavior\WriteHtmlCacheBehavior [ RunTime:0.000326s ]
INFO: [ view_filter ] --END-- [ RunTime:0.000354s ]
INFO: [ app_end ] --START--
INFO: Run Behavior\ShowPageTraceBehavior [ RunTime:0.000466s ]
INFO: [ app_end ] --END-- [ RunTime:0.000505s ]

[ 2016-11-19T00:21:15+08:00 ] 127.0.0.1 /Member/login.html
INFO: [ app_init ] --START--
INFO: Run Behavior\BuildLiteBehavior [ RunTime:0.000025s ]
INFO: [ app_init ] --END-- [ RunTime:0.000670s ]
INFO: [ app_begin ] --START--
INFO: Run Behavior\ReadHtmlCacheBehavior [ RunTime:0.001156s ]
INFO: [ app_begin ] --END-- [ RunTime:0.001252s ]
SQL: SHOW COLUMNS FROM `shop_member` [ RunTime:0.0146s ]
INFO: [ view_parse ] --START--
INFO: [ template_filter ] --START--
INFO: Run Behavior\ContentReplaceBehavior [ RunTime:0.000074s ]
INFO: [ template_filter ] --END-- [ RunTime:0.000121s ]
NOTIC: [8] Undefined variable: title E:\www\shop\www.shop.cn\Application\Runtime\Cache\Home\c4e9b6f7cdab83725c9facfcc5440efe.php 第 5 行.
INFO: Run Behavior\ParseTemplateBehavior [ RunTime:0.006929s ]
INFO: [ view_parse ] --END-- [ RunTime:0.006975s ]
INFO: [ view_filter ] --START--
INFO: Run Behavior\WriteHtmlCacheBehavior [ RunTime:0.000386s ]
INFO: [ view_filter ] --END-- [ RunTime:0.000427s ]
INFO: [ app_end ] --START--
INFO: Run Behavior\ShowPageTraceBehavior [ RunTime:0.000778s ]
INFO: [ app_end ] --END-- [ RunTime:0.000831s ]

[ 2016-11-19T00:21:15+08:00 ] 127.0.0.1 /Member/images/checkcode1.jpg
INFO: [ app_init ] --START--
INFO: Run Behavior\BuildLiteBehavior [ RunTime:0.000021s ]
INFO: [ app_init ] --END-- [ RunTime:0.000566s ]

[ 2016-11-19T00:21:24+08:00 ] 127.0.0.1 /Member/active/token/CFsWDuhdPOWTRmFioQTMckGtfQdjwTlJ/email/ucasp%40qq.com
INFO: [ app_init ] --START--
INFO: Run Behavior\BuildLiteBehavior [ RunTime:0.000014s ]
INFO: [ app_init ] --END-- [ RunTime:0.000407s ]
INFO: [ app_begin ] --START--
INFO: Run Behavior\ReadHtmlCacheBehavior [ RunTime:0.000684s ]
INFO: [ app_begin ] --END-- [ RunTime:0.000741s ]
SQL: SHOW COLUMNS FROM `shop_member` [ RunTime:0.0149s ]
SQL: UPDATE `shop_member` SET `status`='1' WHERE `active_token` = 'CFsWDuhdPOWTRmFioQTMckGtfQdjwTlJ' AND `email` = 'ucasp@qq.com' AND `status` = 0 [ RunTime:0.0002s ]
INFO: [ view_parse ] --START--
INFO: [ template_filter ] --START--
INFO: Run Behavior\ContentReplaceBehavior [ RunTime:0.000040s ]
INFO: [ template_filter ] --END-- [ RunTime:0.000080s ]
INFO: Run Behavior\ParseTemplateBehavior [ RunTime:0.004854s ]
INFO: [ view_parse ] --END-- [ RunTime:0.004915s ]
INFO: [ view_filter ] --START--
INFO: Run Behavior\WriteHtmlCacheBehavior [ RunTime:0.000471s ]
INFO: [ view_filter ] --END-- [ RunTime:0.000514s ]
INFO: [ app_end ] --START--
INFO: Run Behavior\ShowPageTraceBehavior [ RunTime:0.000696s ]
INFO: [ app_end ] --END-- [ RunTime:0.000742s ]

[ 2016-11-19T00:21:26+08:00 ] 127.0.0.1 /Member/login.html
INFO: [ app_init ] --START--
INFO: Run Behavior\BuildLiteBehavior [ RunTime:0.000020s ]
INFO: [ app_init ] --END-- [ RunTime:0.000573s ]
INFO: [ app_begin ] --START--
INFO: Run Behavior\ReadHtmlCacheBehavior [ RunTime:0.001124s ]
INFO: [ app_begin ] --END-- [ RunTime:0.001211s ]
SQL: SHOW COLUMNS FROM `shop_member` [ RunTime:0.0137s ]
INFO: [ view_parse ] --START--
INFO: [ template_filter ] --START--
INFO: Run Behavior\ContentReplaceBehavior [ RunTime:0.000096s ]
INFO: [ template_filter ] --END-- [ RunTime:0.000159s ]
NOTIC: [8] Undefined variable: title E:\www\shop\www.shop.cn\Application\Runtime\Cache\Home\c4e9b6f7cdab83725c9facfcc5440efe.php 第 5 行.
INFO: Run Behavior\ParseTemplateBehavior [ RunTime:0.007825s ]
INFO: [ view_parse ] --END-- [ RunTime:0.007884s ]
INFO: [ view_filter ] --START--
INFO: Run Behavior\WriteHtmlCacheBehavior [ RunTime:0.000446s ]
INFO: [ view_filter ] --END-- [ RunTime:0.000486s ]
INFO: [ app_end ] --START--
INFO: Run Behavior\ShowPageTraceBehavior [ RunTime:0.000688s ]
INFO: [ app_end ] --END-- [ RunTime:0.000731s ]

[ 2016-11-19T00:21:26+08:00 ] 127.0.0.1 /Member/images/checkcode1.jpg
INFO: [ app_init ] --START--
INFO: Run Behavior\BuildLiteBehavior [ RunTime:0.000011s ]
INFO: [ app_init ] --END-- [ RunTime:0.000285s ]

[ 2016-11-19T00:21:49+08:00 ] 127.0.0.1 /Member/active/token/CFsWDuhdPOWTRmFioQTMckGtfQdjwTlJ/email/ucasp%40qq.com
INFO: [ app_init ] --START--
INFO: Run Behavior\BuildLiteBehavior [ RunTime:0.000017s ]
INFO: [ app_init ] --END-- [ RunTime:0.000476s ]
INFO: [ app_begin ] --START--
INFO: Run Behavior\ReadHtmlCacheBehavior [ RunTime:0.000812s ]
INFO: [ app_begin ] --END-- [ RunTime:0.000895s ]
SQL: SHOW COLUMNS FROM `shop_member` [ RunTime:0.0136s ]
SQL: UPDATE `shop_member` SET `status`='1' WHERE `active_token` = 'CFsWDuhdPOWTRmFioQTMckGtfQdjwTlJ' AND `email` = 'ucasp@qq.com' AND `status` = 0 [ RunTime:0.0002s ]
INFO: [ view_parse ] --START--
INFO: [ template_filter ] --START--
INFO: Run Behavior\ContentReplaceBehavior [ RunTime:0.000041s ]
INFO: [ template_filter ] --END-- [ RunTime:0.000080s ]
INFO: Run Behavior\ParseTemplateBehavior [ RunTime:0.004764s ]
INFO: [ view_parse ] --END-- [ RunTime:0.004819s ]
INFO: [ view_filter ] --START--
INFO: Run Behavior\WriteHtmlCacheBehavior [ RunTime:0.000339s ]
INFO: [ view_filter ] --END-- [ RunTime:0.000368s ]

[ 2016-11-19T00:22:50+08:00 ] 127.0.0.1 /Member/register.html
INFO: [ app_init ] --START--
INFO: Run Behavior\BuildLiteBehavior [ RunTime:0.000012s ]
INFO: [ app_init ] --END-- [ RunTime:0.000318s ]
INFO: [ app_begin ] --START--
INFO: Run Behavior\ReadHtmlCacheBehavior [ RunTime:0.000543s ]
INFO: [ app_begin ] --END-- [ RunTime:0.000585s ]
SQL: SHOW COLUMNS FROM `shop_member` [ RunTime:0.0100s ]
INFO: [ view_parse ] --START--
INFO: [ template_filter ] --START--
INFO: Run Behavior\ContentReplaceBehavior [ RunTime:0.000096s ]
INFO: [ template_filter ] --END-- [ RunTime:0.000137s ]
INFO: Run Behavior\ParseTemplateBehavior [ RunTime:0.029466s ]
INFO: [ view_parse ] --END-- [ RunTime:0.029509s ]
INFO: [ view_filter ] --START--
INFO: Run Behavior\WriteHtmlCacheBehavior [ RunTime:0.000317s ]
INFO: [ view_filter ] --END-- [ RunTime:0.000343s ]
INFO: [ app_end ] --START--
INFO: Run Behavior\ShowPageTraceBehavior [ RunTime:0.001001s ]
INFO: [ app_end ] --END-- [ RunTime:0.001067s ]

[ 2016-11-19T00:22:50+08:00 ] 127.0.0.1 /Captcha/code.html
INFO: [ app_init ] --START--
INFO: Run Behavior\BuildLiteBehavior [ RunTime:0.000015s ]
INFO: [ app_init ] --END-- [ RunTime:0.000459s ]
INFO: [ app_begin ] --START--
INFO: Run Behavior\ReadHtmlCacheBehavior [ RunTime:0.000752s ]
INFO: [ app_begin ] --END-- [ RunTime:0.000818s ]
INFO: [ app_end ] --START--
INFO: Run Behavior\ShowPageTraceBehavior [ RunTime:0.000712s ]
INFO: [ app_end ] --END-- [ RunTime:0.000798s ]

[ 2016-11-19T00:22:59+08:00 ] 127.0.0.1 /Member/register.html
INFO: [ app_init ] --START--
INFO: Run Behavior\BuildLiteBehavior [ RunTime:0.000011s ]
INFO: [ app_init ] --END-- [ RunTime:0.000310s ]
INFO: [ app_begin ] --START--
INFO: Run Behavior\ReadHtmlCacheBehavior [ RunTime:0.000503s ]
INFO: [ app_begin ] --END-- [ RunTime:0.000546s ]
SQL: SHOW COLUMNS FROM `shop_member` [ RunTime:0.0112s ]
NOTIC: [8] Undefined index: validate E:\www\shop\ThinkPHP\Library\Think\Model.class.php 第 1185 行.
NOTIC: [8] Undefined index: auto E:\www\shop\ThinkPHP\Library\Think\Model.class.php 第 1128 行.
INFO: [ view_parse ] --START--
INFO: [ template_filter ] --START--
INFO: Run Behavior\ContentReplaceBehavior [ RunTime:0.000133s ]
INFO: [ template_filter ] --END-- [ RunTime:0.000272s ]
INFO: Run Behavior\ParseTemplateBehavior [ RunTime:0.127478s ]
INFO: [ view_parse ] --END-- [ RunTime:0.127672s ]
INFO: [ view_filter ] --START--
INFO: Run Behavior\WriteHtmlCacheBehavior [ RunTime:0.001377s ]
INFO: [ view_filter ] --END-- [ RunTime:0.001492s ]
INFO: [ app_end ] --START--
INFO: Run Behavior\ShowPageTraceBehavior [ RunTime:0.001869s ]
INFO: [ app_end ] --END-- [ RunTime:0.001987s ]

[ 2016-11-19T00:23:00+08:00 ] 127.0.0.1 /Member/login.html
INFO: [ app_init ] --START--
INFO: Run Behavior\BuildLiteBehavior [ RunTime:0.000021s ]
INFO: [ app_init ] --END-- [ RunTime:0.000545s ]
INFO: [ app_begin ] --START--
INFO: Run Behavior\ReadHtmlCacheBehavior [ RunTime:0.000649s ]
INFO: [ app_begin ] --END-- [ RunTime:0.000700s ]
SQL: SHOW COLUMNS FROM `shop_member` [ RunTime:0.0147s ]
INFO: [ view_parse ] --START--
INFO: [ template_filter ] --START--
INFO: Run Behavior\ContentReplaceBehavior [ RunTime:0.000094s ]
INFO: [ template_filter ] --END-- [ RunTime:0.000155s ]
NOTIC: [8] Undefined variable: title E:\www\shop\www.shop.cn\Application\Runtime\Cache\Home\c4e9b6f7cdab83725c9facfcc5440efe.php 第 5 行.
INFO: Run Behavior\ParseTemplateBehavior [ RunTime:0.022737s ]
INFO: [ view_parse ] --END-- [ RunTime:0.022796s ]
INFO: [ view_filter ] --START--
INFO: Run Behavior\WriteHtmlCacheBehavior [ RunTime:0.000454s ]
INFO: [ view_filter ] --END-- [ RunTime:0.000495s ]
INFO: [ app_end ] --START--
INFO: Run Behavior\ShowPageTraceBehavior [ RunTime:0.000645s ]
INFO: [ app_end ] --END-- [ RunTime:0.000695s ]

[ 2016-11-19T00:23:00+08:00 ] 127.0.0.1 /Member/images/checkcode1.jpg
INFO: [ app_init ] --START--
INFO: Run Behavior\BuildLiteBehavior [ RunTime:0.000015s ]
INFO: [ app_init ] --END-- [ RunTime:0.000362s ]

[ 2016-11-19T00:23:14+08:00 ] 127.0.0.1 /Member/active/active_token/MdYPewGosEZAVriHFTtqjWpAaxAvUbaw/email/ucasp%40qq.com
INFO: [ app_init ] --START--
INFO: Run Behavior\BuildLiteBehavior [ RunTime:0.000021s ]
INFO: [ app_init ] --END-- [ RunTime:0.000599s ]
INFO: [ app_begin ] --START--
INFO: Run Behavior\ReadHtmlCacheBehavior [ RunTime:0.001024s ]
INFO: [ app_begin ] --END-- [ RunTime:0.001122s ]
SQL: SHOW COLUMNS FROM `shop_member` [ RunTime:0.0140s ]
ERR: 参数错误或者未定义:token

[ 2016-11-19T00:23:44+08:00 ] 127.0.0.1 /Member/active/active_token/MdYPewGosEZAVriHFTtqjWpAaxAvUbaw/email/ucasp%40qq.com
INFO: [ app_init ] --START--
INFO: Run Behavior\BuildLiteBehavior [ RunTime:0.000030s ]
INFO: [ app_init ] --END-- [ RunTime:0.000897s ]
INFO: [ app_begin ] --START--
INFO: Run Behavior\ReadHtmlCacheBehavior [ RunTime:0.001528s ]
INFO: [ app_begin ] --END-- [ RunTime:0.001651s ]
SQL: SHOW COLUMNS FROM `shop_member` [ RunTime:0.0330s ]
SQL: UPDATE `shop_member` SET `status`='1' WHERE `active_token` = 'MdYPewGosEZAVriHFTtqjWpAaxAvUbaw' AND `email` = 'ucasp@qq.com' AND `status` = 0 [ RunTime:0.0006s ]
INFO: [ view_parse ] --START--
INFO: [ template_filter ] --START--
INFO: Run Behavior\ContentReplaceBehavior [ RunTime:0.000122s ]
INFO: [ template_filter ] --END-- [ RunTime:0.000236s ]
INFO: Run Behavior\ParseTemplateBehavior [ RunTime:0.014972s ]
INFO: [ view_parse ] --END-- [ RunTime:0.015105s ]
INFO: [ view_filter ] --START--
INFO: Run Behavior\WriteHtmlCacheBehavior [ RunTime:0.001257s ]
INFO: [ view_filter ] --END-- [ RunTime:0.001390s ]

[ 2016-11-19T00:24:19+08:00 ] 127.0.0.1 /Member/register.html
INFO: [ app_init ] --START--
INFO: Run Behavior\BuildLiteBehavior [ RunTime:0.000011s ]
INFO: [ app_init ] --END-- [ RunTime:0.000326s ]
INFO: [ app_begin ] --START--
INFO: Run Behavior\ReadHtmlCacheBehavior [ RunTime:0.000514s ]
INFO: [ app_begin ] --END-- [ RunTime:0.000556s ]
SQL: SHOW COLUMNS FROM `shop_member` [ RunTime:0.0435s ]
INFO: [ view_parse ] --START--
INFO: [ template_filter ] --START--
INFO: Run Behavior\ContentReplaceBehavior [ RunTime:0.000110s ]
INFO: [ template_filter ] --END-- [ RunTime:0.000156s ]
INFO: Run Behavior\ParseTemplateBehavior [ RunTime:0.035394s ]
INFO: [ view_parse ] --END-- [ RunTime:0.035445s ]
INFO: [ view_filter ] --START--
INFO: Run Behavior\WriteHtmlCacheBehavior [ RunTime:0.000370s ]
INFO: [ view_filter ] --END-- [ RunTime:0.000403s ]
INFO: [ app_end ] --START--
INFO: Run Behavior\ShowPageTraceBehavior [ RunTime:0.000798s ]
INFO: [ app_end ] --END-- [ RunTime:0.000865s ]

[ 2016-11-19T00:24:19+08:00 ] 127.0.0.1 /Captcha/code.html
INFO: [ app_init ] --START--
INFO: Run Behavior\BuildLiteBehavior [ RunTime:0.000016s ]
INFO: [ app_init ] --END-- [ RunTime:0.000465s ]
INFO: [ app_begin ] --START--
INFO: Run Behavior\ReadHtmlCacheBehavior [ RunTime:0.000721s ]
INFO: [ app_begin ] --END-- [ RunTime:0.000781s ]
INFO: [ app_end ] --START--
INFO: Run Behavior\ShowPageTraceBehavior [ RunTime:0.000818s ]
INFO: [ app_end ] --END-- [ RunTime:0.000891s ]

[ 2016-11-19T00:25:01+08:00 ] 127.0.0.1 /Member/register.html
INFO: [ app_init ] --START--
INFO: Run Behavior\BuildLiteBehavior [ RunTime:0.000011s ]
INFO: [ app_init ] --END-- [ RunTime:0.000329s ]
INFO: [ app_begin ] --START--
INFO: Run Behavior\ReadHtmlCacheBehavior [ RunTime:0.000652s ]
INFO: [ app_begin ] --END-- [ RunTime:0.000696s ]
SQL: SHOW COLUMNS FROM `shop_member` [ RunTime:0.0115s ]
NOTIC: [8] Undefined index: validate E:\www\shop\ThinkPHP\Library\Think\Model.class.php 第 1185 行.
NOTIC: [8] Undefined index: auto E:\www\shop\ThinkPHP\Library\Think\Model.class.php 第 1128 行.
ERR: 1062:Duplicate entry '13333333333' for key 'tel'
 [ SQL语句 ] : INSERT INTO `shop_member` (`username`,`password`,`email`,`tel`,`add_time`,`salt`,`token`,`active_token`) VALUES ('baidu8','62973088d44dea76ddab550e67d30be7','ucasp@qq.com','13333333333','1479486301','mTGbEe','YiAULgmNEIjpfBfVKTSCKDIeNYVHbqMO','YiAULgmNEIjpfBfVKTSCKDIeNYVHbqMO')
ERR: 1062:Duplicate entry '13333333333' for key 'tel'
 [ SQL语句 ] : INSERT INTO `shop_member` (`username`,`password`,`email`,`tel`,`add_time`,`salt`,`token`,`active_token`) VALUES ('baidu8','62973088d44dea76ddab550e67d30be7','ucasp@qq.com','13333333333','1479486301','mTGbEe','YiAULgmNEIjpfBfVKTSCKDIeNYVHbqMO','YiAULgmNEIjpfBfVKTSCKDIeNYVHbqMO')

[ 2016-11-19T00:25:21+08:00 ] 127.0.0.1 /Captcha/code.html
INFO: [ app_init ] --START--
INFO: Run Behavior\BuildLiteBehavior [ RunTime:0.000016s ]
INFO: [ app_init ] --END-- [ RunTime:0.000428s ]
INFO: [ app_begin ] --START--
INFO: Run Behavior\ReadHtmlCacheBehavior [ RunTime:0.001297s ]
INFO: [ app_begin ] --END-- [ RunTime:0.001374s ]
INFO: [ app_end ] --START--
INFO: Run Behavior\ShowPageTraceBehavior [ RunTime:0.000962s ]
INFO: [ app_end ] --END-- [ RunTime:0.001044s ]

[ 2016-11-19T00:25:41+08:00 ] 127.0.0.1 /Member/register.html
INFO: [ app_init ] --START--
INFO: Run Behavior\BuildLiteBehavior [ RunTime:0.000011s ]
INFO: [ app_init ] --END-- [ RunTime:0.000315s ]
INFO: [ app_begin ] --START--
INFO: Run Behavior\ReadHtmlCacheBehavior [ RunTime:0.000616s ]
INFO: [ app_begin ] --END-- [ RunTime:0.000661s ]
SQL: SHOW COLUMNS FROM `shop_member` [ RunTime:0.0115s ]
NOTIC: [8] Undefined index: validate E:\www\shop\ThinkPHP\Library\Think\Model.class.php 第 1185 行.
NOTIC: [8] Undefined index: auto E:\www\shop\ThinkPHP\Library\Think\Model.class.php 第 1128 行.
SQL: INSERT INTO `shop_member` (`username`,`password`,`email`,`tel`,`add_time`,`salt`,`token`,`active_token`) VALUES ('baidu8','d45c8dab5c511add787c2867d628202c','ucasp@qq.com','13333333335','1479486340','RbFhrc','uiEwYtwyPlAOJDfIQrOvMxBvfFVEPabJ','uiEwYtwyPlAOJDfIQrOvMxBvfFVEPabJ') [ RunTime:0.0498s ]
NOTIC: [8] Undefined index: email E:\www\shop\www.shop.cn\Application\Home\Model\MemberModel.class.php 第 104 行.
INFO: [ view_parse ] --START--
INFO: [ template_filter ] --START--
INFO: Run Behavior\ContentReplaceBehavior [ RunTime:0.000046s ]
INFO: [ template_filter ] --END-- [ RunTime:0.000109s ]
INFO: Run Behavior\ParseTemplateBehavior [ RunTime:0.014873s ]
INFO: [ view_parse ] --END-- [ RunTime:0.014929s ]
INFO: [ view_filter ] --START--
INFO: Run Behavior\WriteHtmlCacheBehavior [ RunTime:0.000399s ]
INFO: [ view_filter ] --END-- [ RunTime:0.000432s ]
INFO: [ app_end ] --START--
INFO: Run Behavior\ShowPageTraceBehavior [ RunTime:0.000642s ]
INFO: [ app_end ] --END-- [ RunTime:0.000681s ]

[ 2016-11-19T00:25:42+08:00 ] 127.0.0.1 /Member/login.html
INFO: [ app_init ] --START--
INFO: Run Behavior\BuildLiteBehavior [ RunTime:0.000020s ]
INFO: [ app_init ] --END-- [ RunTime:0.000667s ]
INFO: [ app_begin ] --START--
INFO: Run Behavior\ReadHtmlCacheBehavior [ RunTime:0.001061s ]
INFO: [ app_begin ] --END-- [ RunTime:0.001143s ]
SQL: SHOW COLUMNS FROM `shop_member` [ RunTime:0.0107s ]
INFO: [ view_parse ] --START--
INFO: [ template_filter ] --START--
INFO: Run Behavior\ContentReplaceBehavior [ RunTime:0.000062s ]
INFO: [ template_filter ] --END-- [ RunTime:0.000106s ]
NOTIC: [8] Undefined variable: title E:\www\shop\www.shop.cn\Application\Runtime\Cache\Home\c4e9b6f7cdab83725c9facfcc5440efe.php 第 5 行.
INFO: Run Behavior\ParseTemplateBehavior [ RunTime:0.006028s ]
INFO: [ view_parse ] --END-- [ RunTime:0.006070s ]
INFO: [ view_filter ] --START--
INFO: Run Behavior\WriteHtmlCacheBehavior [ RunTime:0.000326s ]
INFO: [ view_filter ] --END-- [ RunTime:0.000353s ]
INFO: [ app_end ] --START--
INFO: Run Behavior\ShowPageTraceBehavior [ RunTime:0.000463s ]
INFO: [ app_end ] --END-- [ RunTime:0.000500s ]

[ 2016-11-19T00:25:42+08:00 ] 127.0.0.1 /Member/images/checkcode1.jpg
INFO: [ app_init ] --START--
INFO: Run Behavior\BuildLiteBehavior [ RunTime:0.000019s ]
INFO: [ app_init ] --END-- [ RunTime:0.000602s ]

[ 2016-11-19T00:26:46+08:00 ] 127.0.0.1 /Member/register.html
INFO: [ app_init ] --START--
INFO: Run Behavior\BuildLiteBehavior [ RunTime:0.000011s ]
INFO: [ app_init ] --END-- [ RunTime:0.000314s ]
INFO: [ app_begin ] --START--
INFO: Run Behavior\ReadHtmlCacheBehavior [ RunTime:0.000534s ]
INFO: [ app_begin ] --END-- [ RunTime:0.000575s ]
SQL: SHOW COLUMNS FROM `shop_member` [ RunTime:0.0117s ]
INFO: [ view_parse ] --START--
INFO: [ template_filter ] --START--
INFO: Run Behavior\ContentReplaceBehavior [ RunTime:0.000118s ]
INFO: [ template_filter ] --END-- [ RunTime:0.000161s ]
INFO: Run Behavior\ParseTemplateBehavior [ RunTime:0.032379s ]
INFO: [ view_parse ] --END-- [ RunTime:0.032425s ]
INFO: [ view_filter ] --START--
INFO: Run Behavior\WriteHtmlCacheBehavior [ RunTime:0.000337s ]
INFO: [ view_filter ] --END-- [ RunTime:0.000378s ]
INFO: [ app_end ] --START--
INFO: Run Behavior\ShowPageTraceBehavior [ RunTime:0.000813s ]
INFO: [ app_end ] --END-- [ RunTime:0.000881s ]

[ 2016-11-19T00:26:46+08:00 ] 127.0.0.1 /Captcha/code.html
INFO: [ app_init ] --START--
INFO: Run Behavior\BuildLiteBehavior [ RunTime:0.000019s ]
INFO: [ app_init ] --END-- [ RunTime:0.000604s ]
INFO: [ app_begin ] --START--
INFO: Run Behavior\ReadHtmlCacheBehavior [ RunTime:0.000782s ]
INFO: [ app_begin ] --END-- [ RunTime:0.000850s ]
INFO: [ app_end ] --START--
INFO: Run Behavior\ShowPageTraceBehavior [ RunTime:0.000946s ]
INFO: [ app_end ] --END-- [ RunTime:0.001025s ]

[ 2016-11-19T00:27:11+08:00 ] 127.0.0.1 /Member/register.html
INFO: [ app_init ] --START--
INFO: Run Behavior\BuildLiteBehavior [ RunTime:0.000010s ]
INFO: [ app_init ] --END-- [ RunTime:0.000306s ]
INFO: [ app_begin ] --START--
INFO: Run Behavior\ReadHtmlCacheBehavior [ RunTime:0.000523s ]
INFO: [ app_begin ] --END-- [ RunTime:0.000571s ]
SQL: SHOW COLUMNS FROM `shop_member` [ RunTime:0.0122s ]
NOTIC: [8] Undefined index: validate E:\www\shop\ThinkPHP\Library\Think\Model.class.php 第 1185 行.
NOTIC: [8] Undefined index: auto E:\www\shop\ThinkPHP\Library\Think\Model.class.php 第 1128 行.
SQL: INSERT INTO `shop_member` (`username`,`password`,`email`,`tel`,`add_time`,`salt`,`token`,`active_token`) VALUES ('baidu8','d375b8f5f61af61d06dbe51b46a83585','ucasp@qq.com','13333333336','1479486431','oxaLFR','LkkCApjBnHjonbDMLdFeUwsRiOTvhmCY','LkkCApjBnHjonbDMLdFeUwsRiOTvhmCY') [ RunTime:0.0579s ]
NOTIC: [8] Undefined index: email E:\www\shop\www.shop.cn\Application\Home\Model\MemberModel.class.php 第 104 行.
INFO: [ view_parse ] --START--
INFO: [ template_filter ] --START--
INFO: Run Behavior\ContentReplaceBehavior [ RunTime:0.000069s ]
INFO: [ template_filter ] --END-- [ RunTime:0.000136s ]
INFO: Run Behavior\ParseTemplateBehavior [ RunTime:0.016749s ]
INFO: [ view_parse ] --END-- [ RunTime:0.016912s ]
INFO: [ view_filter ] --START--
INFO: Run Behavior\WriteHtmlCacheBehavior [ RunTime:0.000645s ]
INFO: [ view_filter ] --END-- [ RunTime:0.000696s ]
INFO: [ app_end ] --START--
INFO: Run Behavior\ShowPageTraceBehavior [ RunTime:0.000900s ]
INFO: [ app_end ] --END-- [ RunTime:0.000953s ]

[ 2016-11-19T00:27:12+08:00 ] 127.0.0.1 /Member/login.html
INFO: [ app_init ] --START--
INFO: Run Behavior\BuildLiteBehavior [ RunTime:0.000034s ]
INFO: [ app_init ] --END-- [ RunTime:0.001003s ]
INFO: [ app_begin ] --START--
INFO: Run Behavior\ReadHtmlCacheBehavior [ RunTime:0.001752s ]
INFO: [ app_begin ] --END-- [ RunTime:0.001885s ]
SQL: SHOW COLUMNS FROM `shop_member` [ RunTime:0.0184s ]
INFO: [ view_parse ] --START--
INFO: [ template_filter ] --START--
INFO: Run Behavior\ContentReplaceBehavior [ RunTime:0.000117s ]
INFO: [ template_filter ] --END-- [ RunTime:0.000192s ]
NOTIC: [8] Undefined variable: title E:\www\shop\www.shop.cn\Application\Runtime\Cache\Home\c4e9b6f7cdab83725c9facfcc5440efe.php 第 5 行.
INFO: Run Behavior\ParseTemplateBehavior [ RunTime:0.010956s ]
INFO: [ view_parse ] --END-- [ RunTime:0.011030s ]
INFO: [ view_filter ] --START--
INFO: Run Behavior\WriteHtmlCacheBehavior [ RunTime:0.000630s ]
INFO: [ view_filter ] --END-- [ RunTime:0.000684s ]
INFO: [ app_end ] --START--
INFO: Run Behavior\ShowPageTraceBehavior [ RunTime:0.000893s ]
INFO: [ app_end ] --END-- [ RunTime:0.000954s ]

[ 2016-11-19T00:27:12+08:00 ] 127.0.0.1 /Member/images/checkcode1.jpg
INFO: [ app_init ] --START--
INFO: Run Behavior\BuildLiteBehavior [ RunTime:0.000022s ]
INFO: [ app_init ] --END-- [ RunTime:0.000597s ]

[ 2016-11-19T00:28:39+08:00 ] 127.0.0.1 /Member/register.html
INFO: [ app_init ] --START--
INFO: Run Behavior\BuildLiteBehavior [ RunTime:0.000011s ]
INFO: [ app_init ] --END-- [ RunTime:0.000386s ]
INFO: [ app_begin ] --START--
INFO: Run Behavior\ReadHtmlCacheBehavior [ RunTime:0.000569s ]
INFO: [ app_begin ] --END-- [ RunTime:0.000610s ]
SQL: SHOW COLUMNS FROM `shop_member` [ RunTime:0.0126s ]
INFO: [ view_parse ] --START--
INFO: [ template_filter ] --START--
INFO: Run Behavior\ContentReplaceBehavior [ RunTime:0.000113s ]
INFO: [ template_filter ] --END-- [ RunTime:0.000159s ]
INFO: Run Behavior\ParseTemplateBehavior [ RunTime:0.033550s ]
INFO: [ view_parse ] --END-- [ RunTime:0.033601s ]
INFO: [ view_filter ] --START--
INFO: Run Behavior\WriteHtmlCacheBehavior [ RunTime:0.000395s ]
INFO: [ view_filter ] --END-- [ RunTime:0.000428s ]
INFO: [ app_end ] --START--
INFO: Run Behavior\ShowPageTraceBehavior [ RunTime:0.000890s ]
INFO: [ app_end ] --END-- [ RunTime:0.001026s ]

[ 2016-11-19T00:28:39+08:00 ] 127.0.0.1 /Captcha/code.html
INFO: [ app_init ] --START--
INFO: Run Behavior\BuildLiteBehavior [ RunTime:0.000020s ]
INFO: [ app_init ] --END-- [ RunTime:0.000597s ]
INFO: [ app_begin ] --START--
INFO: Run Behavior\ReadHtmlCacheBehavior [ RunTime:0.000979s ]
INFO: [ app_begin ] --END-- [ RunTime:0.001062s ]
INFO: [ app_end ] --START--
INFO: Run Behavior\ShowPageTraceBehavior [ RunTime:0.001440s ]
INFO: [ app_end ] --END-- [ RunTime:0.001537s ]

[ 2016-11-19T00:28:55+08:00 ] 127.0.0.1 /Member/register.html
INFO: [ app_init ] --START--
INFO: Run Behavior\BuildLiteBehavior [ RunTime:0.000012s ]
INFO: [ app_init ] --END-- [ RunTime:0.000355s ]
INFO: [ app_begin ] --START--
INFO: Run Behavior\ReadHtmlCacheBehavior [ RunTime:0.000525s ]
INFO: [ app_begin ] --END-- [ RunTime:0.000566s ]
SQL: SHOW COLUMNS FROM `shop_member` [ RunTime:0.0118s ]
NOTIC: [8] Undefined index: validate E:\www\shop\ThinkPHP\Library\Think\Model.class.php 第 1185 行.
NOTIC: [8] Undefined index: auto E:\www\shop\ThinkPHP\Library\Think\Model.class.php 第 1128 行.
SQL: INSERT INTO `shop_member` (`username`,`password`,`email`,`tel`,`add_time`,`salt`,`token`,`active_token`) VALUES ('baidu8','ff1c1fac972779f4d1dcc81737da8ce2','ucasp@qq.com','13333333336','1479486535','itAKID','JlqcSLXydPuSsvJVQOtEWoWkfpCmlfAo','JlqcSLXydPuSsvJVQOtEWoWkfpCmlfAo') [ RunTime:0.0668s ]
NOTIC: [8] Undefined index: email E:\www\shop\www.shop.cn\Application\Home\Model\MemberModel.class.php 第 104 行.
INFO: [ view_parse ] --START--
INFO: [ template_filter ] --START--
INFO: Run Behavior\ContentReplaceBehavior [ RunTime:0.000122s ]
INFO: [ template_filter ] --END-- [ RunTime:0.000248s ]
INFO: Run Behavior\ParseTemplateBehavior [ RunTime:0.007749s ]
INFO: [ view_parse ] --END-- [ RunTime:0.007873s ]
INFO: [ view_filter ] --START--
INFO: Run Behavior\WriteHtmlCacheBehavior [ RunTime:0.001130s ]
INFO: [ view_filter ] --END-- [ RunTime:0.001224s ]
INFO: [ app_end ] --START--
INFO: Run Behavior\ShowPageTraceBehavior [ RunTime:0.001860s ]
INFO: [ app_end ] --END-- [ RunTime:0.002006s ]

[ 2016-11-19T00:28:57+08:00 ] 127.0.0.1 /Member/login.html
INFO: [ app_init ] --START--
INFO: Run Behavior\BuildLiteBehavior [ RunTime:0.000017s ]
INFO: [ app_init ] --END-- [ RunTime:0.000463s ]
INFO: [ app_begin ] --START--
INFO: Run Behavior\ReadHtmlCacheBehavior [ RunTime:0.000793s ]
INFO: [ app_begin ] --END-- [ RunTime:0.000855s ]
SQL: SHOW COLUMNS FROM `shop_member` [ RunTime:0.0169s ]
INFO: [ view_parse ] --START--
INFO: [ template_filter ] --START--
INFO: Run Behavior\ContentReplaceBehavior [ RunTime:0.000106s ]
INFO: [ template_filter ] --END-- [ RunTime:0.000171s ]
NOTIC: [8] Undefined variable: title E:\www\shop\www.shop.cn\Application\Runtime\Cache\Home\c4e9b6f7cdab83725c9facfcc5440efe.php 第 5 行.
INFO: Run Behavior\ParseTemplateBehavior [ RunTime:0.009601s ]
INFO: [ view_parse ] --END-- [ RunTime:0.009689s ]
INFO: [ view_filter ] --START--
INFO: Run Behavior\WriteHtmlCacheBehavior [ RunTime:0.000561s ]
INFO: [ view_filter ] --END-- [ RunTime:0.000608s ]
INFO: [ app_end ] --START--
INFO: Run Behavior\ShowPageTraceBehavior [ RunTime:0.000777s ]
INFO: [ app_end ] --END-- [ RunTime:0.000828s ]

[ 2016-11-19T00:28:57+08:00 ] 127.0.0.1 /Member/images/checkcode1.jpg
INFO: [ app_init ] --START--
INFO: Run Behavior\BuildLiteBehavior [ RunTime:0.000017s ]
INFO: [ app_init ] --END-- [ RunTime:0.000458s ]

[ 2016-11-19T00:29:06+08:00 ] 127.0.0.1 /
INFO: [ app_init ] --START--
INFO: Run Behavior\BuildLiteBehavior [ RunTime:0.000011s ]
INFO: [ app_init ] --END-- [ RunTime:0.000269s ]
INFO: [ app_begin ] --START--
INFO: Run Behavior\ReadHtmlCacheBehavior [ RunTime:0.000446s ]
INFO: [ app_begin ] --END-- [ RunTime:0.000480s ]
INFO: [ app_end ] --START--
INFO: Run Behavior\ShowPageTraceBehavior [ RunTime:0.001330s ]
INFO: [ app_end ] --END-- [ RunTime:0.001439s ]

[ 2016-11-19T00:31:02+08:00 ] 127.0.0.1 /Member/register.html
INFO: [ app_init ] --START--
INFO: Run Behavior\BuildLiteBehavior [ RunTime:0.000011s ]
INFO: [ app_init ] --END-- [ RunTime:0.000328s ]
INFO: [ app_begin ] --START--
INFO: Run Behavior\ReadHtmlCacheBehavior [ RunTime:0.000557s ]
INFO: [ app_begin ] --END-- [ RunTime:0.000598s ]
SQL: SHOW COLUMNS FROM `shop_member` [ RunTime:0.0125s ]
INFO: [ view_parse ] --START--
INFO: [ template_filter ] --START--
INFO: Run Behavior\ContentReplaceBehavior [ RunTime:0.000110s ]
INFO: [ template_filter ] --END-- [ RunTime:0.000152s ]
INFO: Run Behavior\ParseTemplateBehavior [ RunTime:0.035029s ]
INFO: [ view_parse ] --END-- [ RunTime:0.035089s ]
INFO: [ view_filter ] --START--
INFO: Run Behavior\WriteHtmlCacheBehavior [ RunTime:0.000387s ]
INFO: [ view_filter ] --END-- [ RunTime:0.000424s ]
INFO: [ app_end ] --START--
INFO: Run Behavior\ShowPageTraceBehavior [ RunTime:0.000831s ]
INFO: [ app_end ] --END-- [ RunTime:0.000902s ]

[ 2016-11-19T00:31:02+08:00 ] 127.0.0.1 /Captcha/code.html
INFO: [ app_init ] --START--
INFO: Run Behavior\BuildLiteBehavior [ RunTime:0.000012s ]
INFO: [ app_init ] --END-- [ RunTime:0.000281s ]
INFO: [ app_begin ] --START--
INFO: Run Behavior\ReadHtmlCacheBehavior [ RunTime:0.000492s ]
INFO: [ app_begin ] --END-- [ RunTime:0.000536s ]
INFO: [ app_end ] --START--
INFO: Run Behavior\ShowPageTraceBehavior [ RunTime:0.000540s ]
INFO: [ app_end ] --END-- [ RunTime:0.000594s ]

[ 2016-11-19T00:31:47+08:00 ] 127.0.0.1 /Member/register.html
INFO: [ app_init ] --START--
INFO: Run Behavior\BuildLiteBehavior [ RunTime:0.000011s ]
INFO: [ app_init ] --END-- [ RunTime:0.000313s ]
INFO: [ app_begin ] --START--
INFO: Run Behavior\ReadHtmlCacheBehavior [ RunTime:0.000725s ]
INFO: [ app_begin ] --END-- [ RunTime:0.000776s ]
SQL: SHOW COLUMNS FROM `shop_member` [ RunTime:0.0124s ]
NOTIC: [8] Undefined index: validate E:\www\shop\ThinkPHP\Library\Think\Model.class.php 第 1185 行.
NOTIC: [8] Undefined index: auto E:\www\shop\ThinkPHP\Library\Think\Model.class.php 第 1128 行.
ERR: 1062:Duplicate entry 'baidu8' for key 'username'
 [ SQL语句 ] : INSERT INTO `shop_member` (`username`,`password`,`email`,`tel`,`add_time`,`salt`,`token`,`active_token`) VALUES ('baidu8','a27d8fd46a0eefb4f24a28525acab89e','ucasp@qq.com','13333333335','1479486707','GSBYwP','DphZkeGtYzLatiVhkFUJcfGLtVJDlIrC','DphZkeGtYzLatiVhkFUJcfGLtVJDlIrC')
ERR: 1062:Duplicate entry 'baidu8' for key 'username'
 [ SQL语句 ] : INSERT INTO `shop_member` (`username`,`password`,`email`,`tel`,`add_time`,`salt`,`token`,`active_token`) VALUES ('baidu8','a27d8fd46a0eefb4f24a28525acab89e','ucasp@qq.com','13333333335','1479486707','GSBYwP','DphZkeGtYzLatiVhkFUJcfGLtVJDlIrC','DphZkeGtYzLatiVhkFUJcfGLtVJDlIrC')

[ 2016-11-19T00:32:07+08:00 ] 127.0.0.1 /Member/register.html
INFO: [ app_init ] --START--
INFO: Run Behavior\BuildLiteBehavior [ RunTime:0.000010s ]
INFO: [ app_init ] --END-- [ RunTime:0.000307s ]
INFO: [ app_begin ] --START--
INFO: Run Behavior\ReadHtmlCacheBehavior [ RunTime:0.000530s ]
INFO: [ app_begin ] --END-- [ RunTime:0.000573s ]
SQL: SHOW COLUMNS FROM `shop_member` [ RunTime:0.0114s ]
NOTIC: [8] Undefined index: validate E:\www\shop\ThinkPHP\Library\Think\Model.class.php 第 1185 行.
NOTIC: [8] Undefined index: auto E:\www\shop\ThinkPHP\Library\Think\Model.class.php 第 1128 行.
SQL: INSERT INTO `shop_member` (`username`,`password`,`email`,`tel`,`add_time`,`salt`,`token`,`active_token`) VALUES ('baidu8','bbd761a3a65b22a54537b1c538dadc98','ucasp@qq.com','13333333335','1479486727','cwVbQN','JYqSOrGtelmkjmGzvEYHUiBhEUWRIAXP','JYqSOrGtelmkjmGzvEYHUiBhEUWRIAXP') [ RunTime:0.0631s ]
NOTIC: [8] Undefined index: email E:\www\shop\www.shop.cn\Application\Home\Model\MemberModel.class.php 第 102 行.
NOTIC: [8] Undefined index: email E:\www\shop\www.shop.cn\Application\Home\Model\MemberModel.class.php 第 105 行.
INFO: [ view_parse ] --START--
INFO: [ template_filter ] --START--
INFO: Run Behavior\ContentReplaceBehavior [ RunTime:0.000071s ]
INFO: [ template_filter ] --END-- [ RunTime:0.000140s ]
INFO: Run Behavior\ParseTemplateBehavior [ RunTime:0.011130s ]
INFO: [ view_parse ] --END-- [ RunTime:0.011234s ]
INFO: [ view_filter ] --START--
INFO: Run Behavior\WriteHtmlCacheBehavior [ RunTime:0.000634s ]
INFO: [ view_filter ] --END-- [ RunTime:0.000690s ]
INFO: [ app_end ] --START--
INFO: Run Behavior\ShowPageTraceBehavior [ RunTime:0.000930s ]
INFO: [ app_end ] --END-- [ RunTime:0.000988s ]

[ 2016-11-19T00:32:09+08:00 ] 127.0.0.1 /Member/login.html
INFO: [ app_init ] --START--
INFO: Run Behavior\BuildLiteBehavior [ RunTime:0.000015s ]
INFO: [ app_init ] --END-- [ RunTime:0.000451s ]
INFO: [ app_begin ] --START--
INFO: Run Behavior\ReadHtmlCacheBehavior [ RunTime:0.000857s ]
INFO: [ app_begin ] --END-- [ RunTime:0.000941s ]
SQL: SHOW COLUMNS FROM `shop_member` [ RunTime:0.0148s ]
INFO: [ view_parse ] --START--
INFO: [ template_filter ] --START--
INFO: Run Behavior\ContentReplaceBehavior [ RunTime:0.000096s ]
INFO: [ template_filter ] --END-- [ RunTime:0.000155s ]
NOTIC: [8] Undefined variable: title E:\www\shop\www.shop.cn\Application\Runtime\Cache\Home\c4e9b6f7cdab83725c9facfcc5440efe.php 第 5 行.
INFO: Run Behavior\ParseTemplateBehavior [ RunTime:0.008548s ]
INFO: [ view_parse ] --END-- [ RunTime:0.008603s ]
INFO: [ view_filter ] --START--
INFO: Run Behavior\WriteHtmlCacheBehavior [ RunTime:0.000497s ]
INFO: [ view_filter ] --END-- [ RunTime:0.000576s ]
INFO: [ app_end ] --START--
INFO: Run Behavior\ShowPageTraceBehavior [ RunTime:0.000869s ]
INFO: [ app_end ] --END-- [ RunTime:0.000925s ]

[ 2016-11-19T00:32:09+08:00 ] 127.0.0.1 /Member/images/checkcode1.jpg
INFO: [ app_init ] --START--
INFO: Run Behavior\BuildLiteBehavior [ RunTime:0.000032s ]
INFO: [ app_init ] --END-- [ RunTime:0.000848s ]

[ 2016-11-19T00:33:08+08:00 ] 127.0.0.1 /Member/register.html
INFO: [ app_init ] --START--
INFO: Run Behavior\BuildLiteBehavior [ RunTime:0.000011s ]
INFO: [ app_init ] --END-- [ RunTime:0.000355s ]
INFO: [ app_begin ] --START--
INFO: Run Behavior\ReadHtmlCacheBehavior [ RunTime:0.000542s ]
INFO: [ app_begin ] --END-- [ RunTime:0.000586s ]
SQL: SHOW COLUMNS FROM `shop_member` [ RunTime:0.0125s ]
INFO: [ view_parse ] --START--
INFO: [ template_filter ] --START--
INFO: Run Behavior\ContentReplaceBehavior [ RunTime:0.000114s ]
INFO: [ template_filter ] --END-- [ RunTime:0.000161s ]
INFO: Run Behavior\ParseTemplateBehavior [ RunTime:0.038024s ]
INFO: [ view_parse ] --END-- [ RunTime:0.038077s ]
INFO: [ view_filter ] --START--
INFO: Run Behavior\WriteHtmlCacheBehavior [ RunTime:0.000437s ]
INFO: [ view_filter ] --END-- [ RunTime:0.000471s ]
INFO: [ app_end ] --START--
INFO: Run Behavior\ShowPageTraceBehavior [ RunTime:0.000973s ]
INFO: [ app_end ] --END-- [ RunTime:0.001042s ]

[ 2016-11-19T00:33:08+08:00 ] 127.0.0.1 /Captcha/code.html
INFO: [ app_init ] --START--
INFO: Run Behavior\BuildLiteBehavior [ RunTime:0.000017s ]
INFO: [ app_init ] --END-- [ RunTime:0.000466s ]
INFO: [ app_begin ] --START--
INFO: Run Behavior\ReadHtmlCacheBehavior [ RunTime:0.000897s ]
INFO: [ app_begin ] --END-- [ RunTime:0.000979s ]
INFO: [ app_end ] --START--
INFO: Run Behavior\ShowPageTraceBehavior [ RunTime:0.000891s ]
INFO: [ app_end ] --END-- [ RunTime:0.000966s ]

[ 2016-11-19T00:33:21+08:00 ] 127.0.0.1 /Member/register.html
INFO: [ app_init ] --START--
INFO: Run Behavior\BuildLiteBehavior [ RunTime:0.000010s ]
INFO: [ app_init ] --END-- [ RunTime:0.000337s ]
INFO: [ app_begin ] --START--
INFO: Run Behavior\ReadHtmlCacheBehavior [ RunTime:0.000538s ]
INFO: [ app_begin ] --END-- [ RunTime:0.000581s ]
SQL: SHOW COLUMNS FROM `shop_member` [ RunTime:0.0122s ]
NOTIC: [8] Undefined index: validate E:\www\shop\ThinkPHP\Library\Think\Model.class.php 第 1185 行.
NOTIC: [8] Undefined index: auto E:\www\shop\ThinkPHP\Library\Think\Model.class.php 第 1128 行.
SQL: INSERT INTO `shop_member` (`username`,`password`,`email`,`tel`,`add_time`,`salt`,`token`,`active_token`) VALUES ('baidu8','e1fef7e4c62d61d12fc13e5617ab938e','ucasp@qq.com','13333333336','1479486801','KzPBVy','oRpAnBqnUyHdpPlDHeZEQbjByAVODUXT','oRpAnBqnUyHdpPlDHeZEQbjByAVODUXT') [ RunTime:0.0787s ]
NOTIC: [8] Undefined index: email E:\www\shop\www.shop.cn\Application\Home\Model\MemberModel.class.php 第 102 行.
NOTIC: [8] Undefined index: email E:\www\shop\www.shop.cn\Application\Home\Model\MemberModel.class.php 第 105 行.

[ 2016-11-19T00:34:15+08:00 ] 127.0.0.1 /Member/register.html
INFO: [ app_init ] --START--
INFO: Run Behavior\BuildLiteBehavior [ RunTime:0.000010s ]
INFO: [ app_init ] --END-- [ RunTime:0.000319s ]
INFO: [ app_begin ] --START--
INFO: Run Behavior\ReadHtmlCacheBehavior [ RunTime:0.000557s ]
INFO: [ app_begin ] --END-- [ RunTime:0.000600s ]
SQL: SHOW COLUMNS FROM `shop_member` [ RunTime:0.0127s ]
INFO: [ view_parse ] --START--
INFO: [ template_filter ] --START--
INFO: Run Behavior\ContentReplaceBehavior [ RunTime:0.000120s ]
INFO: [ template_filter ] --END-- [ RunTime:0.000177s ]
INFO: Run Behavior\ParseTemplateBehavior [ RunTime:0.035041s ]
INFO: [ view_parse ] --END-- [ RunTime:0.035103s ]
INFO: [ view_filter ] --START--
INFO: Run Behavior\WriteHtmlCacheBehavior [ RunTime:0.000344s ]
INFO: [ view_filter ] --END-- [ RunTime:0.000374s ]
INFO: [ app_end ] --START--
INFO: Run Behavior\ShowPageTraceBehavior [ RunTime:0.000847s ]
INFO: [ app_end ] --END-- [ RunTime:0.000917s ]

[ 2016-11-19T00:34:15+08:00 ] 127.0.0.1 /Captcha/code.html
INFO: [ app_init ] --START--
INFO: Run Behavior\BuildLiteBehavior [ RunTime:0.000017s ]
INFO: [ app_init ] --END-- [ RunTime:0.000452s ]
INFO: [ app_begin ] --START--
INFO: Run Behavior\ReadHtmlCacheBehavior [ RunTime:0.000632s ]
INFO: [ app_begin ] --END-- [ RunTime:0.000698s ]
INFO: [ app_end ] --START--
INFO: Run Behavior\ShowPageTraceBehavior [ RunTime:0.000463s ]
INFO: [ app_end ] --END-- [ RunTime:0.000514s ]

[ 2016-11-19T00:36:39+08:00 ] 127.0.0.1 /Member/register.html
INFO: [ app_init ] --START--
INFO: Run Behavior\BuildLiteBehavior [ RunTime:0.000011s ]
INFO: [ app_init ] --END-- [ RunTime:0.000316s ]
INFO: [ app_begin ] --START--
INFO: Run Behavior\ReadHtmlCacheBehavior [ RunTime:0.000429s ]
INFO: [ app_begin ] --END-- [ RunTime:0.000474s ]
SQL: SHOW COLUMNS FROM `shop_member` [ RunTime:0.0116s ]
NOTIC: [8] Undefined index: validate E:\www\shop\ThinkPHP\Library\Think\Model.class.php 第 1185 行.
NOTIC: [8] Undefined index: auto E:\www\shop\ThinkPHP\Library\Think\Model.class.php 第 1128 行.
SQL: INSERT INTO `shop_member` (`username`,`password`,`email`,`tel`,`add_time`,`salt`,`token`,`active_token`) VALUES ('baidu8','d38ad36acee3331a0d79b9d46049cf9e','ucasp@qq.com','13333333335','1479486977','BkxZuq','QCBRqMpyftxdTIwukdqJESagumlFUWWU','QCBRqMpyftxdTIwukdqJESagumlFUWWU') [ RunTime:0.0547s ]
NOTIC: [8] Undefined index: email E:\www\shop\www.shop.cn\Application\Home\Model\MemberModel.class.php 第 108 行.

[ 2016-11-19T00:39:04+08:00 ] 127.0.0.1 /Member/register.html
INFO: [ app_init ] --START--
INFO: Run Behavior\BuildLiteBehavior [ RunTime:0.000011s ]
INFO: [ app_init ] --END-- [ RunTime:0.000387s ]
INFO: [ app_begin ] --START--
INFO: Run Behavior\ReadHtmlCacheBehavior [ RunTime:0.000589s ]
INFO: [ app_begin ] --END-- [ RunTime:0.000632s ]
SQL: SHOW COLUMNS FROM `shop_member` [ RunTime:0.0114s ]
NOTIC: [8] Undefined index: validate E:\www\shop\ThinkPHP\Library\Think\Model.class.php 第 1185 行.
NOTIC: [8] Undefined index: auto E:\www\shop\ThinkPHP\Library\Think\Model.class.php 第 1128 行.
SQL: INSERT INTO `shop_member` (`username`,`password`,`email`,`tel`,`add_time`,`salt`,`token`,`active_token`) VALUES ('baidu8','e932d483b9d23d66343988c0eef3e1bb','ucasp@qq.com','13333333335','1479487122','WLrVHk','JivuXeVGSharSjXVJsdeMqwkSmHoWyTB','JivuXeVGSharSjXVJsdeMqwkSmHoWyTB') [ RunTime:0.0454s ]
NOTIC: [8] Undefined index: email E:\www\shop\www.shop.cn\Application\Home\Model\MemberModel.class.php 第 108 行.

[ 2016-11-19T00:40:33+08:00 ] 127.0.0.1 /Member/register.html
INFO: [ app_init ] --START--
INFO: Run Behavior\BuildLiteBehavior [ RunTime:0.000012s ]
INFO: [ app_init ] --END-- [ RunTime:0.000321s ]
INFO: [ app_begin ] --START--
INFO: Run Behavior\ReadHtmlCacheBehavior [ RunTime:0.000532s ]
INFO: [ app_begin ] --END-- [ RunTime:0.000575s ]
SQL: SHOW COLUMNS FROM `shop_member` [ RunTime:0.0121s ]
NOTIC: [8] Undefined index: validate E:\www\shop\ThinkPHP\Library\Think\Model.class.php 第 1185 行.
NOTIC: [8] Undefined index: auto E:\www\shop\ThinkPHP\Library\Think\Model.class.php 第 1128 行.
SQL: INSERT INTO `shop_member` (`username`,`password`,`email`,`tel`,`add_time`,`salt`,`token`,`active_token`) VALUES ('baidu8','8586238ad4ade913b7988ae948800cb5','ucasp@qq.com','13333333335','1479487232','IqhuTi','xolqwzFxkVHQSzGviLPomnrRAyvBNoks','xolqwzFxkVHQSzGviLPomnrRAyvBNoks') [ RunTime:0.0662s ]

[ 2016-11-19T00:41:22+08:00 ] 127.0.0.1 /Member/register.html
INFO: [ app_init ] --START--
INFO: Run Behavior\BuildLiteBehavior [ RunTime:0.000012s ]
INFO: [ app_init ] --END-- [ RunTime:0.000309s ]
INFO: [ app_begin ] --START--
INFO: Run Behavior\ReadHtmlCacheBehavior [ RunTime:0.000524s ]
INFO: [ app_begin ] --END-- [ RunTime:0.000580s ]
SQL: SHOW COLUMNS FROM `shop_member` [ RunTime:0.0107s ]
NOTIC: [8] Undefined index: validate E:\www\shop\ThinkPHP\Library\Think\Model.class.php 第 1185 行.
NOTIC: [8] Undefined index: auto E:\www\shop\ThinkPHP\Library\Think\Model.class.php 第 1128 行.
SQL: INSERT INTO `shop_member` (`username`,`password`,`email`,`tel`,`add_time`,`salt`,`token`,`active_token`) VALUES ('baidu8','99bec0ef6f7041423e7453a43989d845','ucasp@qq.com','13333333335','1479487280','nKajZL','hiDeEuUbSXpOHXZqBRxKOdFmuoGCwIqQ','hiDeEuUbSXpOHXZqBRxKOdFmuoGCwIqQ') [ RunTime:0.0331s ]

[ 2016-11-19T00:43:05+08:00 ] 127.0.0.1 /Member/register.html
INFO: [ app_init ] --START--
INFO: Run Behavior\BuildLiteBehavior [ RunTime:0.000011s ]
INFO: [ app_init ] --END-- [ RunTime:0.000330s ]
INFO: [ app_begin ] --START--
INFO: Run Behavior\ReadHtmlCacheBehavior [ RunTime:0.000608s ]
INFO: [ app_begin ] --END-- [ RunTime:0.000682s ]
SQL: SHOW COLUMNS FROM `shop_member` [ RunTime:0.0117s ]
NOTIC: [8] Undefined index: validate E:\www\shop\ThinkPHP\Library\Think\Model.class.php 第 1185 行.
NOTIC: [8] Undefined index: auto E:\www\shop\ThinkPHP\Library\Think\Model.class.php 第 1128 行.
SQL: INSERT INTO `shop_member` (`username`,`password`,`email`,`tel`,`add_time`,`salt`,`token`,`active_token`) VALUES ('baidu8','e216e6f3675fcd180cad43243197b936','ucasp@qq.com','13333333335','1479487383','Rrozmb','vYyQtJpXrKvFOztGePTAnGslplUMzgAd','vYyQtJpXrKvFOztGePTAnGslplUMzgAd') [ RunTime:0.0336s ]

[ 2016-11-19T00:43:23+08:00 ] 127.0.0.1 /Member/active/active_token/vYyQtJpXrKvFOztGePTAnGslplUMzgAd/email/ucasp%40qq.com/hash_equals/BpGDigPlgvDdwQPQYRuPSSRkwlsxkjiVFkvvrYqnJKZMVvmrMuodeSMaeAAdixrQ
INFO: [ app_init ] --START--
INFO: Run Behavior\BuildLiteBehavior [ RunTime:0.000042s ]
INFO: [ app_init ] --END-- [ RunTime:0.000909s ]
INFO: [ app_begin ] --START--
INFO: Run Behavior\ReadHtmlCacheBehavior [ RunTime:0.000475s ]
INFO: [ app_begin ] --END-- [ RunTime:0.000516s ]
SQL: SHOW COLUMNS FROM `shop_member` [ RunTime:0.0146s ]
SQL: UPDATE `shop_member` SET `status`='1' WHERE `active_token` = 'vYyQtJpXrKvFOztGePTAnGslplUMzgAd' AND `email` = 'ucasp@qq.com' AND `status` = 0 [ RunTime:0.0535s ]
INFO: [ view_parse ] --START--
INFO: [ template_filter ] --START--
INFO: Run Behavior\ContentReplaceBehavior [ RunTime:0.000072s ]
INFO: [ template_filter ] --END-- [ RunTime:0.000111s ]
INFO: Run Behavior\ParseTemplateBehavior [ RunTime:0.005687s ]
INFO: [ view_parse ] --END-- [ RunTime:0.005733s ]
INFO: [ view_filter ] --START--
INFO: Run Behavior\WriteHtmlCacheBehavior [ RunTime:0.000356s ]
INFO: [ view_filter ] --END-- [ RunTime:0.000396s ]
INFO: [ app_end ] --START--
INFO: Run Behavior\ShowPageTraceBehavior [ RunTime:0.000549s ]
INFO: [ app_end ] --END-- [ RunTime:0.000582s ]

[ 2016-11-19T00:43:24+08:00 ] 127.0.0.1 /Member/login.html
INFO: [ app_init ] --START--
INFO: Run Behavior\BuildLiteBehavior [ RunTime:0.000021s ]
INFO: [ app_init ] --END-- [ RunTime:0.000587s ]
INFO: [ app_begin ] --START--
INFO: Run Behavior\ReadHtmlCacheBehavior [ RunTime:0.001018s ]
INFO: [ app_begin ] --END-- [ RunTime:0.001114s ]
SQL: SHOW COLUMNS FROM `shop_member` [ RunTime:0.0121s ]
INFO: [ view_parse ] --START--
INFO: [ template_filter ] --START--
INFO: Run Behavior\ContentReplaceBehavior [ RunTime:0.000077s ]
INFO: [ template_filter ] --END-- [ RunTime:0.000127s ]
NOTIC: [8] Undefined variable: title E:\www\shop\www.shop.cn\Application\Runtime\Cache\Home\c4e9b6f7cdab83725c9facfcc5440efe.php 第 5 行.
INFO: Run Behavior\ParseTemplateBehavior [ RunTime:0.018960s ]
INFO: [ view_parse ] --END-- [ RunTime:0.019006s ]
INFO: [ view_filter ] --START--
INFO: Run Behavior\WriteHtmlCacheBehavior [ RunTime:0.000382s ]
INFO: [ view_filter ] --END-- [ RunTime:0.000418s ]
INFO: [ app_end ] --START--
INFO: Run Behavior\ShowPageTraceBehavior [ RunTime:0.000447s ]
INFO: [ app_end ] --END-- [ RunTime:0.000476s ]

[ 2016-11-19T00:43:24+08:00 ] 127.0.0.1 /Member/images/checkcode1.jpg
INFO: [ app_init ] --START--
INFO: Run Behavior\BuildLiteBehavior [ RunTime:0.000019s ]
INFO: [ app_init ] --END-- [ RunTime:0.000546s ]

[ 2016-11-19T00:43:35+08:00 ] 127.0.0.1 /Member/register.html
INFO: [ app_init ] --START--
INFO: Run Behavior\BuildLiteBehavior [ RunTime:0.000012s ]
INFO: [ app_init ] --END-- [ RunTime:0.000336s ]
INFO: [ app_begin ] --START--
INFO: Run Behavior\ReadHtmlCacheBehavior [ RunTime:0.000563s ]
INFO: [ app_begin ] --END-- [ RunTime:0.000606s ]
SQL: SHOW COLUMNS FROM `shop_member` [ RunTime:0.0123s ]
NOTIC: [8] Undefined index: validate E:\www\shop\ThinkPHP\Library\Think\Model.class.php 第 1185 行.
NOTIC: [8] Undefined index: auto E:\www\shop\ThinkPHP\Library\Think\Model.class.php 第 1128 行.
SQL: INSERT INTO `shop_member` (`username`,`password`,`email`,`tel`,`add_time`,`salt`,`token`,`active_token`) VALUES ('baidu8','94e1b28b51b47d13de95589dd8d8b737','ucasp@qq.com','13333333335','1479487413','DZQKvf','vmesaOGajlvwYCqvBuWZiInMUGAuuFri','vmesaOGajlvwYCqvBuWZiInMUGAuuFri') [ RunTime:0.0295s ]

[ 2016-11-19T00:45:38+08:00 ] 127.0.0.1 /Member/register.html
INFO: [ app_init ] --START--
INFO: Run Behavior\BuildLiteBehavior [ RunTime:0.000011s ]
INFO: [ app_init ] --END-- [ RunTime:0.000314s ]
INFO: [ app_begin ] --START--
INFO: Run Behavior\ReadHtmlCacheBehavior [ RunTime:0.000529s ]
INFO: [ app_begin ] --END-- [ RunTime:0.000569s ]
SQL: SHOW COLUMNS FROM `shop_member` [ RunTime:0.0104s ]
INFO: [ view_parse ] --START--
INFO: [ template_filter ] --START--
INFO: Run Behavior\ContentReplaceBehavior [ RunTime:0.000093s ]
INFO: [ template_filter ] --END-- [ RunTime:0.000127s ]
INFO: Run Behavior\ParseTemplateBehavior [ RunTime:0.030609s ]
INFO: [ view_parse ] --END-- [ RunTime:0.030655s ]
INFO: [ view_filter ] --START--
INFO: Run Behavior\WriteHtmlCacheBehavior [ RunTime:0.000354s ]
INFO: [ view_filter ] --END-- [ RunTime:0.000386s ]
INFO: [ app_end ] --START--
INFO: Run Behavior\ShowPageTraceBehavior [ RunTime:0.000849s ]
INFO: [ app_end ] --END-- [ RunTime:0.000915s ]

[ 2016-11-19T00:45:39+08:00 ] 127.0.0.1 /Captcha/code.html
INFO: [ app_init ] --START--
INFO: Run Behavior\BuildLiteBehavior [ RunTime:0.000017s ]
INFO: [ app_init ] --END-- [ RunTime:0.000426s ]
INFO: [ app_begin ] --START--
INFO: Run Behavior\ReadHtmlCacheBehavior [ RunTime:0.000858s ]
INFO: [ app_begin ] --END-- [ RunTime:0.000938s ]
INFO: [ app_end ] --START--
INFO: Run Behavior\ShowPageTraceBehavior [ RunTime:0.000639s ]
INFO: [ app_end ] --END-- [ RunTime:0.000711s ]

[ 2016-11-19T00:45:41+08:00 ] 127.0.0.1 /Member/login.html
INFO: [ app_init ] --START--
INFO: Run Behavior\BuildLiteBehavior [ RunTime:0.000009s ]
INFO: [ app_init ] --END-- [ RunTime:0.000253s ]
INFO: [ app_begin ] --START--
INFO: Run Behavior\ReadHtmlCacheBehavior [ RunTime:0.000485s ]
INFO: [ app_begin ] --END-- [ RunTime:0.000524s ]
SQL: SHOW COLUMNS FROM `shop_member` [ RunTime:0.0109s ]
INFO: [ view_parse ] --START--
INFO: [ template_filter ] --START--
INFO: Run Behavior\ContentReplaceBehavior [ RunTime:0.000061s ]
INFO: [ template_filter ] --END-- [ RunTime:0.000098s ]
NOTIC: [8] Undefined variable: title E:\www\shop\www.shop.cn\Application\Runtime\Cache\Home\c4e9b6f7cdab83725c9facfcc5440efe.php 第 5 行.
INFO: Run Behavior\ParseTemplateBehavior [ RunTime:0.016087s ]
INFO: [ view_parse ] --END-- [ RunTime:0.016138s ]
INFO: [ view_filter ] --START--
INFO: Run Behavior\WriteHtmlCacheBehavior [ RunTime:0.000374s ]
INFO: [ view_filter ] --END-- [ RunTime:0.000404s ]
INFO: [ app_end ] --START--
INFO: Run Behavior\ShowPageTraceBehavior [ RunTime:0.000578s ]
INFO: [ app_end ] --END-- [ RunTime:0.000614s ]

[ 2016-11-19T00:45:41+08:00 ] 127.0.0.1 /Member/images/checkcode1.jpg
INFO: [ app_init ] --START--
INFO: Run Behavior\BuildLiteBehavior [ RunTime:0.000012s ]
INFO: [ app_init ] --END-- [ RunTime:0.000297s ]

